#! /c/Source/iverilog-install/bin/vvp
:ivl_version "12.0 (devel)" "(s20150603-1539-g2693dd32b)";
:ivl_delay_selection "TYPICAL";
:vpi_time_precision + 0;
:vpi_module "C:\iverilog\lib\ivl\system.vpi";
:vpi_module "C:\iverilog\lib\ivl\vhdl_sys.vpi";
:vpi_module "C:\iverilog\lib\ivl\vhdl_textio.vpi";
:vpi_module "C:\iverilog\lib\ivl\v2005_math.vpi";
:vpi_module "C:\iverilog\lib\ivl\va_math.vpi";
S_0000019c538dc3a0 .scope module, "IF_ID" "IF_ID" 2 1;
 .timescale 0 0;
    .port_info 0 /INPUT 1 "clk_i";
    .port_info 1 /INPUT 1 "rst_i";
    .port_info 2 /INPUT 1 "flush_i";
    .port_info 3 /INPUT 1 "stall_i";
    .port_info 4 /INPUT 32 "inst_i";
    .port_info 5 /INPUT 32 "PC_i";
    .port_info 6 /OUTPUT 32 "inst_o";
    .port_info 7 /OUTPUT 32 "PC_o";
o0000019c538e59f8 .functor BUFZ 32, C4<zzzzzzzzzzzzzzzzzzzzzzzzzzzzzzzz>; HiZ drive
v0000019c538c15e0_0 .net "PC_i", 31 0, o0000019c538e59f8;  0 drivers
v0000019c538c2940_0 .var "PC_o", 31 0;
o0000019c538e5a58 .functor BUFZ 1, C4<z>; HiZ drive
v0000019c538c2b20_0 .net "clk_i", 0 0, o0000019c538e5a58;  0 drivers
o0000019c538e5a88 .functor BUFZ 1, C4<z>; HiZ drive
v0000019c538c1d60_0 .net "flush_i", 0 0, o0000019c538e5a88;  0 drivers
o0000019c538e5ab8 .functor BUFZ 32, C4<zzzzzzzzzzzzzzzzzzzzzzzzzzzzzzzz>; HiZ drive
v0000019c538c1fe0_0 .net "inst_i", 31 0, o0000019c538e5ab8;  0 drivers
v0000019c538c23a0_0 .var "inst_o", 31 0;
o0000019c538e5b18 .functor BUFZ 1, C4<z>; HiZ drive
v0000019c538c1180_0 .net "rst_i", 0 0, o0000019c538e5b18;  0 drivers
o0000019c538e5b48 .functor BUFZ 1, C4<z>; HiZ drive
v0000019c538c2580_0 .net "stall_i", 0 0, o0000019c538e5b48;  0 drivers
S_0000019c538dd980 .scope module, "Next_PC" "Next_PC" 3 1;
 .timescale 0 0;
    .port_info 0 /INPUT 1 "Wrong_predict_i";
    .port_info 1 /INPUT 1 "Predict_i";
    .port_info 2 /INPUT 32 "pc_adder_i";
    .port_info 3 /INPUT 32 "jmp_ID_i";
    .port_info 4 /INPUT 32 "jmp_EX_i";
    .port_info 5 /OUTPUT 1 "next_pc_o";
    .port_info 6 /NODIR 0 "unnamed";
o0000019c538e5cf8 .functor BUFZ 1, C4<z>; HiZ drive
v0000019c538c29e0_0 .net "Branch_ID", 0 0, o0000019c538e5cf8;  0 drivers
o0000019c538e5d28 .functor BUFZ 1, C4<z>; HiZ drive
v0000019c538c1680_0 .net "Predict_i", 0 0, o0000019c538e5d28;  0 drivers
o0000019c538e5d58 .functor BUFZ 1, C4<z>; HiZ drive
v0000019c538c1b80_0 .net "Wrong_predict_i", 0 0, o0000019c538e5d58;  0 drivers
o0000019c538e5d88 .functor BUFZ 32, C4<zzzzzzzzzzzzzzzzzzzzzzzzzzzzzzzz>; HiZ drive
v0000019c538c1cc0_0 .net "jmp_EX_i", 31 0, o0000019c538e5d88;  0 drivers
o0000019c538e5db8 .functor BUFZ 32, C4<zzzzzzzzzzzzzzzzzzzzzzzzzzzzzzzz>; HiZ drive
v0000019c538c1e00_0 .net "jmp_ID_i", 31 0, o0000019c538e5db8;  0 drivers
v0000019c538c2620_0 .var "next_pc_o", 0 0;
o0000019c538e5e18 .functor BUFZ 32, C4<zzzzzzzzzzzzzzzzzzzzzzzzzzzzzzzz>; HiZ drive
v0000019c538c2760_0 .net "pc_adder_i", 31 0, o0000019c538e5e18;  0 drivers
E_0000019c5356da10/0 .event anyedge, v0000019c538c1b80_0, v0000019c538c1cc0_0, v0000019c538c29e0_0, v0000019c538c1680_0;
E_0000019c5356da10/1 .event anyedge, v0000019c538c1e00_0, v0000019c538c2760_0;
E_0000019c5356da10 .event/or E_0000019c5356da10/0, E_0000019c5356da10/1;
S_0000019c538dceb0 .scope module, "TestBench" "TestBench" 4 3;
 .timescale 0 0;
P_0000019c5356d890 .param/l "num_cycles" 0 4 9, +C4<00000000000000000000000001000000>;
v0000019c53951c20_0 .var "Clk", 0 0;
v0000019c53952940_0 .var "Reset", 0 0;
v0000019c53952f80_0 .var/i "counter", 31 0;
v0000019c539524e0_0 .var/i "i", 31 0;
v0000019c53951f40_0 .var/i "outfile", 31 0;
S_0000019c538dd040 .scope module, "CPU" "CPU" 4 13, 5 26 0, S_0000019c538dceb0;
 .timescale 0 0;
    .port_info 0 /INPUT 1 "clk_i";
    .port_info 1 /INPUT 1 "rst_i";
    .port_info 2 /NODIR 0 "";
L_0000019c53578fc0 .functor BUFZ 32, v0000019c53949f40_0, C4<00000000000000000000000000000000>, C4<00000000000000000000000000000000>, C4<00000000000000000000000000000000>;
v0000019c5394fe20_0 .net "ALU_A_i", 31 0, L_0000019c53578fc0;  1 drivers
v0000019c5394fec0_0 .net "ALU_B_i", 31 0, v0000019c539486e0_0;  1 drivers
v0000019c5394f4c0_0 .net "ALUctl", 2 0, v0000019c53941380_0;  1 drivers
v0000019c5394f600_0 .net "EX_A", 31 0, v0000019c53943250_0;  1 drivers
v0000019c5394f920_0 .net "EX_ALUOp", 1 0, v0000019c53944790_0;  1 drivers
v0000019c5394ea20_0 .net "EX_ALUSrc", 0 0, v0000019c53944830_0;  1 drivers
v0000019c5394ed40_0 .net/s "EX_ALUout", 31 0, v0000019c53577330_0;  1 drivers
v0000019c5394fa60_0 .net "EX_B", 31 0, v0000019c53944d30_0;  1 drivers
v0000019c5394f380_0 .net "EX_IR", 31 0, v0000019c53945c60_0;  1 drivers
v0000019c5394f2e0_0 .net "EX_MemRead", 0 0, v0000019c53945300_0;  1 drivers
v0000019c5394f420_0 .net "EX_MemWrite", 0 0, v0000019c53946700_0;  1 drivers
v0000019c5394fb00_0 .net "EX_MemtoReg", 0 0, v0000019c53946ca0_0;  1 drivers
v0000019c5394e480_0 .net "EX_PC", 31 0, v0000019c53946020_0;  1 drivers
v0000019c5394f060_0 .net "EX_RD", 4 0, v0000019c53946840_0;  1 drivers
v0000019c5394fba0_0 .net "EX_RegWrite", 0 0, v0000019c539463e0_0;  1 drivers
v0000019c5394f6a0_0 .net "EX_Rs1", 4 0, v0000019c53945da0_0;  1 drivers
v0000019c5394e160_0 .net "EX_Rs2", 4 0, v0000019c53946340_0;  1 drivers
v0000019c5394fc40_0 .net "EX_imme", 31 0, v0000019c539453a0_0;  1 drivers
v0000019c5394f1a0_0 .net "ForwardA", 1 0, v0000019c53943b10_0;  1 drivers
v0000019c5394f740_0 .net "ForwardB", 1 0, v0000019c53944470_0;  1 drivers
v0000019c5394e520_0 .net "ID_ALUOp", 1 0, v0000019c53942c80_0;  1 drivers
v0000019c5394fce0_0 .net "ID_ALUSrc", 0 0, v0000019c53942000_0;  1 drivers
v0000019c5394e340_0 .net "ID_Branch", 0 0, v0000019c53941420_0;  1 drivers
v0000019c5394fd80_0 .net "ID_IR", 31 0, v0000019c539451c0_0;  1 drivers
v0000019c5394ff60_0 .net "ID_MemRead", 0 0, v0000019c53941560_0;  1 drivers
v0000019c5394ede0_0 .net "ID_MemWrite", 0 0, v0000019c539421e0_0;  1 drivers
v0000019c5394e0c0_0 .net "ID_MemtoReg", 0 0, v0000019c53941ba0_0;  1 drivers
v0000019c5394e5c0_0 .net "ID_PC", 31 0, v0000019c53946520_0;  1 drivers
v0000019c5394e200_0 .net "ID_RD", 4 0, L_0000019c53952620;  1 drivers
v0000019c5394e7a0_0 .net "ID_RegWrite", 0 0, v0000019c539425a0_0;  1 drivers
v0000019c5394e840_0 .net "ID_Rs1", 4 0, L_0000019c53952a80;  1 drivers
v0000019c5394eb60_0 .net "ID_Rs2", 4 0, L_0000019c53952c60;  1 drivers
v0000019c5394f100_0 .net "ID_data1", 31 0, L_0000019c53952e40;  1 drivers
v0000019c5394e8e0_0 .net "ID_data2", 31 0, L_0000019c53951720;  1 drivers
v0000019c5394eac0_0 .net "ID_imme", 31 0, L_0000019c53951a40;  1 drivers
v0000019c5394ec00_0 .net "IF_Adder_o", 31 0, L_0000019c53952300;  1 drivers
v0000019c5394ee80_0 .net "IF_IR", 31 0, L_0000019c53579180;  1 drivers
v0000019c5394ef20_0 .net "IF_PC_i", 31 0, v0000019c53942500_0;  1 drivers
v0000019c5394efc0_0 .net "IF_PC_o", 31 0, v0000019c53948960_0;  1 drivers
v0000019c5394f240_0 .net "MEM_ALUout", 31 0, v0000019c53944330_0;  1 drivers
v0000019c539529e0_0 .net "MEM_MD", 31 0, L_0000019c539acab0;  1 drivers
v0000019c539514a0_0 .net "MEM_MemRead", 0 0, v0000019c539440b0_0;  1 drivers
v0000019c53952bc0_0 .net "MEM_MemWrite", 0 0, v0000019c539445b0_0;  1 drivers
v0000019c53951e00_0 .net "MEM_MemtoReg", 0 0, v0000019c53943c50_0;  1 drivers
v0000019c53951cc0_0 .net "MEM_RD", 4 0, v0000019c53944ab0_0;  1 drivers
v0000019c53952080_0 .net "MEM_RegWrite", 0 0, v0000019c53943ed0_0;  1 drivers
v0000019c53952ee0_0 .net "MEM_WD", 31 0, v0000019c53944b50_0;  1 drivers
v0000019c539526c0_0 .net "MUX_A_o", 31 0, v0000019c53949f40_0;  1 drivers
v0000019c53951180_0 .net "MUX_B_o", 31 0, v0000019c539488c0_0;  1 drivers
v0000019c53952260_0 .net "NoOp", 0 0, v0000019c539441f0_0;  1 drivers
v0000019c539528a0_0 .net "PCWrite", 0 0, v0000019c53944650_0;  1 drivers
v0000019c539521c0_0 .net "Predict", 0 0, L_0000019c535782a0;  1 drivers
v0000019c53951680_0 .net "Stall", 0 0, v0000019c53943bb0_0;  1 drivers
v0000019c53952760_0 .net "WB_ALUout", 31 0, v0000019c539458a0_0;  1 drivers
v0000019c53951400_0 .net "WB_MD", 31 0, v0000019c539462a0_0;  1 drivers
v0000019c539523a0_0 .net "WB_MemtoReg", 0 0, v0000019c53945080_0;  1 drivers
v0000019c539512c0_0 .net "WB_RD", 4 0, v0000019c53945ee0_0;  1 drivers
v0000019c53951860_0 .net "WB_RDdata", 31 0, v0000019c5394e980_0;  1 drivers
v0000019c53952800_0 .net "WB_RegWrite", 0 0, v0000019c53948140_0;  1 drivers
v0000019c53951ea0_0 .net "clk_i", 0 0, v0000019c53951c20_0;  1 drivers
v0000019c53952120_0 .net "imme_o", 11 0, v0000019c539465c0_0;  1 drivers
v0000019c53952b20_0 .net "rst_i", 0 0, v0000019c53952940_0;  1 drivers
L_0000019c53952620 .part v0000019c539451c0_0, 7, 5;
L_0000019c53952a80 .part v0000019c539451c0_0, 15, 5;
L_0000019c53952c60 .part v0000019c539451c0_0, 20, 5;
L_0000019c53951ae0 .part v0000019c539451c0_0, 0, 7;
L_0000019c53951d60 .part v0000019c53945c60_0, 25, 7;
L_0000019c539ac290 .part v0000019c53945c60_0, 12, 3;
S_0000019c53511c90 .scope module, "ALU" "ALU" 5 258, 6 1 0, S_0000019c538dd040;
 .timescale 0 0;
    .port_info 0 /INPUT 32 "data1_i";
    .port_info 1 /INPUT 32 "data2_i";
    .port_info 2 /INPUT 3 "ALUctl_i";
    .port_info 3 /OUTPUT 32 "data_o";
    .port_info 4 /OUTPUT 1 "Zero_o";
v0000019c538c2800_0 .net "ALUctl_i", 2 0, v0000019c53941380_0;  alias, 1 drivers
v0000019c53577830_0 .net "Zero_o", 0 0, L_0000019c53951b80;  1 drivers
v0000019c53577ab0_0 .net/s "data1_i", 31 0, L_0000019c53578fc0;  alias, 1 drivers
v0000019c535780f0_0 .net/s "data2_i", 31 0, v0000019c539486e0_0;  alias, 1 drivers
v0000019c53577330_0 .var "data_o", 31 0;
v0000019c539412e0_0 .var "tmp", 31 0;
E_0000019c5356e0d0 .event anyedge, v0000019c535780f0_0, v0000019c53577ab0_0, v0000019c538c2800_0;
L_0000019c53951b80 .cmp/eq 32, v0000019c539486e0_0, L_0000019c53578fc0;
S_0000019c53511e20 .scope module, "ALU_Control" "ALU_Control" 5 266, 7 1 0, S_0000019c538dd040;
 .timescale 0 0;
    .port_info 0 /INPUT 2 "ALUOp";
    .port_info 1 /INPUT 7 "funct7";
    .port_info 2 /INPUT 3 "funct3";
    .port_info 3 /OUTPUT 3 "ALUctl";
v0000019c53942780_0 .net "ALUOp", 1 0, v0000019c53944790_0;  alias, 1 drivers
v0000019c53941380_0 .var "ALUctl", 2 0;
v0000019c53941920_0 .net "funct3", 2 0, L_0000019c539ac290;  1 drivers
v0000019c53941ce0_0 .net "funct7", 6 0, L_0000019c53951d60;  1 drivers
E_0000019c5356e250 .event anyedge, v0000019c53941ce0_0, v0000019c53941920_0, v0000019c53942780_0;
S_0000019c53511380 .scope module, "Add_PC" "Adder_32" 5 75, 8 1 0, S_0000019c538dd040;
 .timescale 0 0;
    .port_info 0 /INPUT 32 "data1_i";
    .port_info 1 /INPUT 32 "data2_i";
    .port_info 2 /OUTPUT 32 "data_o";
v0000019c539426e0_0 .net "data1_i", 31 0, v0000019c53948960_0;  alias, 1 drivers
L_0000019c539530a8 .functor BUFT 1, C4<00000000000000000000000000000100>, C4<0>, C4<0>, C4<0>;
v0000019c53941a60_0 .net "data2_i", 31 0, L_0000019c539530a8;  1 drivers
v0000019c53942820_0 .net "data_o", 31 0, L_0000019c53952300;  alias, 1 drivers
L_0000019c53952300 .arith/sum 32, v0000019c53948960_0, L_0000019c539530a8;
S_0000019c53511510 .scope module, "Branch_Handler" "Branch_Handler" 5 399, 9 1 0, S_0000019c538dd040;
 .timescale 0 0;
    .port_info 0 /INPUT 1 "clk_i";
    .port_info 1 /INPUT 1 "rst_i";
    .port_info 2 /INPUT 1 "Predict_i";
    .port_info 3 /INPUT 32 "IF_adder_pc_i";
    .port_info 4 /INPUT 1 "ID_Branch_i";
    .port_info 5 /INPUT 32 "ID_imme_i";
    .port_info 6 /INPUT 32 "ID_pc_i";
    .port_info 7 /INPUT 1 "EX_Branch_i";
    .port_info 8 /INPUT 1 "EX_Predict_i";
    .port_info 9 /INPUT 1 "EX_Zero_i";
    .port_info 10 /INPUT 32 "EX_imme_i";
    .port_info 11 /INPUT 32 "EX_pc_i";
    .port_info 12 /OUTPUT 1 "IF_ID_Flush_o";
    .port_info 13 /OUTPUT 1 "ID_EX_Flush_o";
    .port_info 14 /OUTPUT 32 "next_pc_o";
    .port_info 15 /NODIR 0 "";
v0000019c53941c40_0 .net "EX_Branch_i", 0 0, v0000019c53943750_0;  1 drivers
v0000019c53941d80_0 .net "EX_Predict_i", 0 0, v0000019c539467a0_0;  1 drivers
v0000019c53942960_0 .net "EX_Zero_i", 0 0, L_0000019c53951b80;  alias, 1 drivers
v0000019c53942320_0 .net "EX_imme_i", 31 0, v0000019c539453a0_0;  alias, 1 drivers
v0000019c53942a00_0 .net "EX_pc_i", 31 0, v0000019c53946020_0;  alias, 1 drivers
v0000019c53941ec0_0 .net "ID_Branch_i", 0 0, v0000019c53941420_0;  alias, 1 drivers
v0000019c53942b40_0 .var "ID_EX_Flush_o", 0 0;
v0000019c539420a0_0 .net "ID_imme_i", 31 0, L_0000019c53951a40;  alias, 1 drivers
v0000019c53941100_0 .net "ID_pc_i", 31 0, v0000019c53946520_0;  alias, 1 drivers
v0000019c539414c0_0 .var "IF_ID_Flush_o", 0 0;
v0000019c53941b00_0 .net "IF_adder_pc_i", 31 0, L_0000019c53952300;  alias, 1 drivers
v0000019c53942aa0_0 .net "Predict_i", 0 0, L_0000019c535782a0;  alias, 1 drivers
v0000019c53942140_0 .net "clk_i", 0 0, v0000019c53951c20_0;  alias, 1 drivers
v0000019c53942500_0 .var "next_pc_o", 31 0;
v0000019c539416a0_0 .net "rst_i", 0 0, v0000019c53952940_0;  alias, 1 drivers
E_0000019c5356f290/0 .event anyedge, v0000019c53941d80_0, v0000019c53577830_0, v0000019c53941c40_0, v0000019c539428c0_0;
E_0000019c5356f290/1 .event anyedge, v0000019c53942a00_0, v0000019c53942320_0, v0000019c53942aa0_0, v0000019c53941ec0_0;
E_0000019c5356f290/2 .event anyedge, v0000019c53941100_0, v0000019c539420a0_0, v0000019c53942820_0;
E_0000019c5356f290 .event/or E_0000019c5356f290/0, E_0000019c5356f290/1, E_0000019c5356f290/2;
S_0000019c5350ee70 .scope begin, "branch" "branch" 9 44, 9 44 0, S_0000019c53511510;
 .timescale 0 0;
v0000019c539428c0_0 .var "WrongPredict", 0 0;
S_0000019c5350f000 .scope module, "Branch_Predictor" "Branch_Predictor" 5 390, 10 1 0, S_0000019c538dd040;
 .timescale 0 0;
    .port_info 0 /INPUT 1 "clk_i";
    .port_info 1 /INPUT 1 "rst_i";
    .port_info 2 /INPUT 1 "update_i";
    .port_info 3 /INPUT 1 "result_i";
    .port_info 4 /OUTPUT 1 "predict_o";
L_0000019c535782a0 .functor NOT 1, L_0000019c539ace70, C4<0>, C4<0>, C4<0>;
v0000019c53941740_0 .net *"_ivl_1", 0 0, L_0000019c539ace70;  1 drivers
v0000019c53941e20_0 .net "clk_i", 0 0, v0000019c53951c20_0;  alias, 1 drivers
v0000019c53942be0_0 .net "predict_o", 0 0, L_0000019c535782a0;  alias, 1 drivers
v0000019c53942280_0 .net "result_i", 0 0, L_0000019c53951b80;  alias, 1 drivers
v0000019c539423c0_0 .net "rst_i", 0 0, v0000019c53952940_0;  alias, 1 drivers
v0000019c53941f60_0 .var "state", 1 0;
v0000019c53942e60_0 .net "update_i", 0 0, v0000019c53943750_0;  alias, 1 drivers
E_0000019c535708d0/0 .event negedge, v0000019c539416a0_0;
E_0000019c535708d0/1 .event posedge, v0000019c53942140_0;
E_0000019c535708d0 .event/or E_0000019c535708d0/0, E_0000019c535708d0/1;
L_0000019c539ace70 .part v0000019c53941f60_0, 1, 1;
S_0000019c5350d930 .scope module, "Control" "Control" 5 156, 11 1 0, S_0000019c538dd040;
 .timescale 0 0;
    .port_info 0 /INPUT 7 "opcode";
    .port_info 1 /OUTPUT 1 "RegWrite";
    .port_info 2 /OUTPUT 1 "MemtoReg";
    .port_info 3 /OUTPUT 1 "MemRead";
    .port_info 4 /OUTPUT 1 "MemWrite";
    .port_info 5 /OUTPUT 2 "ALUOp";
    .port_info 6 /OUTPUT 1 "ALUSrc";
    .port_info 7 /OUTPUT 1 "Branch";
    .port_info 8 /INPUT 1 "NoOp";
    .port_info 9 /NODIR 0 "";
v0000019c53942c80_0 .var "ALUOp", 1 0;
v0000019c53942000_0 .var "ALUSrc", 0 0;
v0000019c53941420_0 .var "Branch", 0 0;
L_0000019c539532a0 .functor BUFT 1, C4<1>, C4<0>, C4<0>, C4<0>;
v0000019c53942f00_0 .net "I_type", 0 0, L_0000019c539532a0;  1 drivers
v0000019c53941560_0 .var "MemRead", 0 0;
v0000019c539421e0_0 .var "MemWrite", 0 0;
v0000019c53941ba0_0 .var "MemtoReg", 0 0;
v0000019c53942d20_0 .net "NoOp", 0 0, v0000019c539441f0_0;  alias, 1 drivers
L_0000019c53953258 .functor BUFT 1, C4<1>, C4<0>, C4<0>, C4<0>;
v0000019c53942460_0 .net "R_type", 0 0, L_0000019c53953258;  1 drivers
v0000019c539425a0_0 .var "RegWrite", 0 0;
v0000019c53942dc0_0 .net "opcode", 6 0, L_0000019c53951ae0;  1 drivers
E_0000019c53571a90 .event anyedge, v0000019c53942d20_0, v0000019c53942dc0_0;
S_0000019c5350dac0 .scope module, "Data_Memory" "Data_Memory" 5 306, 12 1 0, S_0000019c538dd040;
 .timescale 0 0;
    .port_info 0 /INPUT 1 "clk_i";
    .port_info 1 /INPUT 32 "addr_i";
    .port_info 2 /INPUT 1 "MemRead_i";
    .port_info 3 /INPUT 1 "MemWrite_i";
    .port_info 4 /INPUT 32 "data_i";
    .port_info 5 /OUTPUT 32 "data_o";
v0000019c53941060_0 .net "MemRead_i", 0 0, v0000019c539440b0_0;  alias, 1 drivers
v0000019c53942640_0 .net "MemWrite_i", 0 0, v0000019c539445b0_0;  alias, 1 drivers
v0000019c539411a0_0 .net *"_ivl_0", 31 0, L_0000019c539acbf0;  1 drivers
v0000019c53941240_0 .net *"_ivl_2", 31 0, L_0000019c539ac790;  1 drivers
v0000019c53941600_0 .net *"_ivl_4", 29 0, L_0000019c539ab390;  1 drivers
L_0000019c53953378 .functor BUFT 1, C4<00>, C4<0>, C4<0>, C4<0>;
v0000019c539417e0_0 .net *"_ivl_6", 1 0, L_0000019c53953378;  1 drivers
L_0000019c539533c0 .functor BUFT 1, C4<00000000000000000000000000000000>, C4<0>, C4<0>, C4<0>;
v0000019c53941880_0 .net/2s *"_ivl_8", 31 0, L_0000019c539533c0;  1 drivers
v0000019c539419c0_0 .net "addr_i", 31 0, v0000019c53944330_0;  alias, 1 drivers
v0000019c53943390_0 .net "clk_i", 0 0, v0000019c53951c20_0;  alias, 1 drivers
v0000019c53944010_0 .net "data_i", 31 0, v0000019c53944b50_0;  alias, 1 drivers
v0000019c53943f70_0 .net "data_o", 31 0, L_0000019c539acab0;  alias, 1 drivers
v0000019c539434d0 .array/s "memory", 1023 0, 31 0;
E_0000019c5356a5d0 .event posedge, v0000019c53942140_0;
L_0000019c539acbf0 .array/port v0000019c539434d0, L_0000019c539ac790;
L_0000019c539ab390 .part v0000019c53944330_0, 2, 30;
L_0000019c539ac790 .concat [ 30 2 0 0], L_0000019c539ab390, L_0000019c53953378;
L_0000019c539acab0 .functor MUXZ 32, L_0000019c539533c0, L_0000019c539acbf0, v0000019c539440b0_0, C4<>;
S_0000019c53502250 .scope module, "EX_MEM" "Pipe_EX_MEM" 5 273, 13 1 0, S_0000019c538dd040;
 .timescale 0 0;
    .port_info 0 /INPUT 1 "clk_i";
    .port_info 1 /INPUT 1 "rst_i";
    .port_info 2 /INPUT 32 "ALUout_i";
    .port_info 3 /INPUT 32 "WD_i";
    .port_info 4 /INPUT 5 "RD_i";
    .port_info 5 /OUTPUT 32 "ALUout_o";
    .port_info 6 /OUTPUT 32 "WD_o";
    .port_info 7 /OUTPUT 5 "RD_o";
    .port_info 8 /INPUT 1 "RegWrite_i";
    .port_info 9 /INPUT 1 "MemtoReg_i";
    .port_info 10 /INPUT 1 "MemRead_i";
    .port_info 11 /INPUT 1 "MemWrite_i";
    .port_info 12 /OUTPUT 1 "RegWrite_o";
    .port_info 13 /OUTPUT 1 "MemtoReg_o";
    .port_info 14 /OUTPUT 1 "MemRead_o";
    .port_info 15 /OUTPUT 1 "MemWrite_o";
    .port_info 16 /NODIR 0 "";
v0000019c539436b0_0 .net "ALUout_i", 31 0, v0000019c53577330_0;  alias, 1 drivers
v0000019c53944330_0 .var "ALUout_o", 31 0;
v0000019c539437f0_0 .net "MemRead_i", 0 0, v0000019c53945300_0;  alias, 1 drivers
v0000019c539440b0_0 .var "MemRead_o", 0 0;
v0000019c539431b0_0 .net "MemWrite_i", 0 0, v0000019c53946700_0;  alias, 1 drivers
v0000019c539445b0_0 .var "MemWrite_o", 0 0;
v0000019c53943070_0 .net "MemtoReg_i", 0 0, v0000019c53946ca0_0;  alias, 1 drivers
v0000019c53943c50_0 .var "MemtoReg_o", 0 0;
v0000019c539448d0_0 .net "RD_i", 4 0, v0000019c53946840_0;  alias, 1 drivers
v0000019c53944ab0_0 .var "RD_o", 4 0;
v0000019c53943cf0_0 .net "RegWrite_i", 0 0, v0000019c539463e0_0;  alias, 1 drivers
v0000019c53943ed0_0 .var "RegWrite_o", 0 0;
v0000019c53943430_0 .net "WD_i", 31 0, v0000019c539488c0_0;  alias, 1 drivers
v0000019c53944b50_0 .var "WD_o", 31 0;
v0000019c53944290_0 .net "clk_i", 0 0, v0000019c53951c20_0;  alias, 1 drivers
v0000019c53943e30_0 .net "rst_i", 0 0, v0000019c53952940_0;  alias, 1 drivers
S_0000019c535023e0 .scope module, "Forwarding_Unit" "Forwarding_Unit" 5 356, 14 1 0, S_0000019c538dd040;
 .timescale 0 0;
    .port_info 0 /INPUT 5 "EX_Rs1";
    .port_info 1 /INPUT 5 "EX_Rs2";
    .port_info 2 /INPUT 1 "MEM_RegWrite";
    .port_info 3 /INPUT 5 "MEM_Rd";
    .port_info 4 /INPUT 1 "WB_RegWrite";
    .port_info 5 /INPUT 5 "WB_RD";
    .port_info 6 /OUTPUT 2 "ForwardA";
    .port_info 7 /OUTPUT 2 "ForwardB";
    .port_info 8 /NODIR 0 "";
v0000019c539443d0_0 .net "EX_Rs1", 4 0, v0000019c53945da0_0;  alias, 1 drivers
v0000019c53944e70_0 .net "EX_Rs2", 4 0, v0000019c53946340_0;  alias, 1 drivers
v0000019c53943b10_0 .var "ForwardA", 1 0;
v0000019c53944470_0 .var "ForwardB", 1 0;
v0000019c53944150_0 .net "MEM_Rd", 4 0, v0000019c53944ab0_0;  alias, 1 drivers
v0000019c53943110_0 .net "MEM_RegWrite", 0 0, v0000019c53943ed0_0;  alias, 1 drivers
v0000019c53944510_0 .net "WB_RD", 4 0, v0000019c53945ee0_0;  alias, 1 drivers
v0000019c53944f10_0 .net "WB_RegWrite", 0 0, v0000019c53948140_0;  alias, 1 drivers
E_0000019c53571ad0/0 .event anyedge, v0000019c53944f10_0, v0000019c53943ed0_0, v0000019c53944510_0, v0000019c53944ab0_0;
E_0000019c53571ad0/1 .event anyedge, v0000019c53944e70_0, v0000019c539443d0_0;
E_0000019c53571ad0 .event/or E_0000019c53571ad0/0, E_0000019c53571ad0/1;
S_0000019c53501130 .scope module, "Hazard_Detection_Unit" "Hazard_Detection_Unit" 5 373, 15 1 0, S_0000019c538dd040;
 .timescale 0 0;
    .port_info 0 /INPUT 1 "clk_i";
    .port_info 1 /INPUT 1 "rst_i";
    .port_info 2 /INPUT 5 "ID_Rs1";
    .port_info 3 /INPUT 5 "ID_Rs2";
    .port_info 4 /INPUT 5 "EX_Rd";
    .port_info 5 /INPUT 1 "EX_MemRead";
    .port_info 6 /OUTPUT 1 "NoOp";
    .port_info 7 /OUTPUT 1 "PCWrite";
    .port_info 8 /OUTPUT 1 "Stall";
    .port_info 9 /NODIR 0 "";
v0000019c53943570_0 .net "EX_MemRead", 0 0, v0000019c53945300_0;  alias, 1 drivers
v0000019c53944970_0 .net "EX_Rd", 4 0, v0000019c53946840_0;  alias, 1 drivers
v0000019c539439d0_0 .net "ID_Rs1", 4 0, L_0000019c53952a80;  alias, 1 drivers
v0000019c53943d90_0 .net "ID_Rs2", 4 0, L_0000019c53952c60;  alias, 1 drivers
v0000019c539441f0_0 .var "NoOp", 0 0;
v0000019c53944650_0 .var "PCWrite", 0 0;
v0000019c53943bb0_0 .var "Stall", 0 0;
v0000019c53944bf0_0 .net "clk_i", 0 0, v0000019c53951c20_0;  alias, 1 drivers
v0000019c539446f0_0 .net "rst_i", 0 0, v0000019c53952940_0;  alias, 1 drivers
E_0000019c5356a790 .event anyedge, v0000019c539437f0_0, v0000019c539448d0_0, v0000019c53943d90_0, v0000019c539439d0_0;
S_0000019c535012c0 .scope module, "ID_EX" "Pipe_ID_EX" 5 169, 16 1 0, S_0000019c538dd040;
 .timescale 0 0;
    .port_info 0 /INPUT 1 "clk_i";
    .port_info 1 /INPUT 1 "rst_i";
    .port_info 2 /INPUT 32 "A_i";
    .port_info 3 /INPUT 32 "B_i";
    .port_info 4 /INPUT 32 "imme_i";
    .port_info 5 /INPUT 32 "PC_i";
    .port_info 6 /INPUT 5 "RD_i";
    .port_info 7 /OUTPUT 32 "A_o";
    .port_info 8 /OUTPUT 32 "B_o";
    .port_info 9 /OUTPUT 32 "imme_o";
    .port_info 10 /OUTPUT 32 "PC_o";
    .port_info 11 /OUTPUT 5 "RD_o";
    .port_info 12 /INPUT 1 "RegWrite_i";
    .port_info 13 /INPUT 1 "MemtoReg_i";
    .port_info 14 /INPUT 1 "MemRead_i";
    .port_info 15 /INPUT 1 "MemWrite_i";
    .port_info 16 /INPUT 2 "ALUOp_i";
    .port_info 17 /INPUT 1 "ALUSrc_i";
    .port_info 18 /OUTPUT 1 "RegWrite_o";
    .port_info 19 /OUTPUT 1 "MemtoReg_o";
    .port_info 20 /OUTPUT 1 "MemRead_o";
    .port_info 21 /OUTPUT 1 "MemWrite_o";
    .port_info 22 /OUTPUT 2 "ALUOp_o";
    .port_info 23 /OUTPUT 1 "ALUSrc_o";
    .port_info 24 /INPUT 32 "IR_i";
    .port_info 25 /OUTPUT 32 "IR_o";
    .port_info 26 /INPUT 5 "Rs1_i";
    .port_info 27 /INPUT 5 "Rs2_i";
    .port_info 28 /OUTPUT 5 "Rs1_o";
    .port_info 29 /OUTPUT 5 "Rs2_o";
    .port_info 30 /INPUT 1 "Flush_i";
    .port_info 31 /INPUT 1 "Branch_i";
    .port_info 32 /INPUT 1 "Predict_i";
    .port_info 33 /OUTPUT 1 "Predict_o";
    .port_info 34 /OUTPUT 1 "Branch_o";
    .port_info 35 /NODIR 0 "";
v0000019c53943890_0 .net "ALUOp_i", 1 0, v0000019c53942c80_0;  alias, 1 drivers
v0000019c53944790_0 .var "ALUOp_o", 1 0;
v0000019c53943930_0 .net "ALUSrc_i", 0 0, v0000019c53942000_0;  alias, 1 drivers
v0000019c53944830_0 .var "ALUSrc_o", 0 0;
v0000019c53944c90_0 .net "A_i", 31 0, L_0000019c53952e40;  alias, 1 drivers
v0000019c53943250_0 .var "A_o", 31 0;
v0000019c53944a10_0 .net "B_i", 31 0, L_0000019c53951720;  alias, 1 drivers
v0000019c53944d30_0 .var "B_o", 31 0;
v0000019c53943610_0 .net "Branch_i", 0 0, v0000019c53941420_0;  alias, 1 drivers
v0000019c53943750_0 .var "Branch_o", 0 0;
v0000019c53944dd0_0 .net "Flush_i", 0 0, v0000019c53942b40_0;  1 drivers
v0000019c539432f0_0 .net "IR_i", 31 0, v0000019c539451c0_0;  alias, 1 drivers
v0000019c53945c60_0 .var "IR_o", 31 0;
v0000019c53946d40_0 .net "MemRead_i", 0 0, v0000019c53941560_0;  alias, 1 drivers
v0000019c53945300_0 .var "MemRead_o", 0 0;
v0000019c53945b20_0 .net "MemWrite_i", 0 0, v0000019c539421e0_0;  alias, 1 drivers
v0000019c53946700_0 .var "MemWrite_o", 0 0;
v0000019c53945120_0 .net "MemtoReg_i", 0 0, v0000019c53941ba0_0;  alias, 1 drivers
v0000019c53946ca0_0 .var "MemtoReg_o", 0 0;
v0000019c539459e0_0 .net "PC_i", 31 0, v0000019c53946520_0;  alias, 1 drivers
v0000019c53946020_0 .var "PC_o", 31 0;
v0000019c53946e80_0 .net "Predict_i", 0 0, L_0000019c535782a0;  alias, 1 drivers
v0000019c539467a0_0 .var "Predict_o", 0 0;
v0000019c53946480_0 .net "RD_i", 4 0, L_0000019c53952620;  alias, 1 drivers
v0000019c53946840_0 .var "RD_o", 4 0;
v0000019c53945a80_0 .net "RegWrite_i", 0 0, v0000019c539425a0_0;  alias, 1 drivers
v0000019c539463e0_0 .var "RegWrite_o", 0 0;
v0000019c53945d00_0 .net "Rs1_i", 4 0, L_0000019c53952a80;  alias, 1 drivers
v0000019c53945da0_0 .var "Rs1_o", 4 0;
v0000019c539468e0_0 .net "Rs2_i", 4 0, L_0000019c53952c60;  alias, 1 drivers
v0000019c53946340_0 .var "Rs2_o", 4 0;
v0000019c53945bc0_0 .net "clk_i", 0 0, v0000019c53951c20_0;  alias, 1 drivers
v0000019c53945940_0 .net "imme_i", 31 0, L_0000019c53951a40;  alias, 1 drivers
v0000019c539453a0_0 .var "imme_o", 31 0;
v0000019c53946de0_0 .net "rst_i", 0 0, v0000019c53952940_0;  alias, 1 drivers
S_0000019c534ef9f0 .scope module, "IF_ID" "Pipe_IF_ID" 5 86, 17 1 0, S_0000019c538dd040;
 .timescale 0 0;
    .port_info 0 /INPUT 1 "clk_i";
    .port_info 1 /INPUT 1 "rst_i";
    .port_info 2 /INPUT 32 "IR_i";
    .port_info 3 /INPUT 32 "PC_i";
    .port_info 4 /OUTPUT 32 "IR_o";
    .port_info 5 /OUTPUT 32 "PC_o";
    .port_info 6 /INPUT 1 "Flush_i";
    .port_info 7 /INPUT 1 "Stall_i";
    .port_info 8 /NODIR 0 "";
v0000019c53945e40_0 .net "Flush_i", 0 0, v0000019c539414c0_0;  1 drivers
v0000019c53946f20_0 .net "IR_i", 31 0, L_0000019c53579180;  alias, 1 drivers
v0000019c539451c0_0 .var "IR_o", 31 0;
v0000019c53946200_0 .net "PC_i", 31 0, v0000019c53948960_0;  alias, 1 drivers
v0000019c53946520_0 .var "PC_o", 31 0;
v0000019c53946660_0 .net "Stall_i", 0 0, v0000019c53943bb0_0;  alias, 1 drivers
v0000019c539456c0_0 .net "clk_i", 0 0, v0000019c53951c20_0;  alias, 1 drivers
v0000019c539454e0_0 .net "rst_i", 0 0, v0000019c53952940_0;  alias, 1 drivers
S_0000019c53947b80 .scope module, "Imme_Gen" "Imme_Gen" 5 146, 18 1 0, S_0000019c538dd040;
 .timescale 0 0;
    .port_info 0 /INPUT 32 "IR";
    .port_info 1 /OUTPUT 12 "imme";
    .port_info 2 /NODIR 0 "";
v0000019c53945580_0 .net "IR", 31 0, v0000019c539451c0_0;  alias, 1 drivers
v0000019c539465c0_0 .var "imme", 11 0;
E_0000019c53569f50 .event anyedge, v0000019c539432f0_0;
S_0000019c53947220 .scope module, "Instruction_Memory" "Instruction_Memory" 5 81, 19 1 0, S_0000019c538dd040;
 .timescale 0 0;
    .port_info 0 /INPUT 32 "addr_i";
    .port_info 1 /OUTPUT 32 "instr_o";
L_0000019c53579180 .functor BUFZ 32, L_0000019c53952440, C4<00000000000000000000000000000000>, C4<00000000000000000000000000000000>, C4<00000000000000000000000000000000>;
v0000019c53946ac0_0 .net *"_ivl_0", 31 0, L_0000019c53952440;  1 drivers
v0000019c53946c00_0 .net *"_ivl_2", 31 0, L_0000019c53951fe0;  1 drivers
v0000019c539460c0_0 .net *"_ivl_4", 29 0, L_0000019c53952580;  1 drivers
L_0000019c539530f0 .functor BUFT 1, C4<00>, C4<0>, C4<0>, C4<0>;
v0000019c53946160_0 .net *"_ivl_6", 1 0, L_0000019c539530f0;  1 drivers
v0000019c53945620_0 .net "addr_i", 31 0, v0000019c53948960_0;  alias, 1 drivers
v0000019c53945760_0 .net "instr_o", 31 0, L_0000019c53579180;  alias, 1 drivers
v0000019c53945800 .array "memory", 255 0, 31 0;
L_0000019c53952440 .array/port v0000019c53945800, L_0000019c53951fe0;
L_0000019c53952580 .part v0000019c53948960_0, 2, 30;
L_0000019c53951fe0 .concat [ 30 2 0 0], L_0000019c53952580, L_0000019c539530f0;
S_0000019c53947860 .scope module, "MEM_WB" "Pipe_MEM_WB" 5 317, 20 1 0, S_0000019c538dd040;
 .timescale 0 0;
    .port_info 0 /INPUT 1 "clk_i";
    .port_info 1 /INPUT 1 "rst_i";
    .port_info 2 /INPUT 32 "MD_i";
    .port_info 3 /INPUT 32 "ALUout_i";
    .port_info 4 /INPUT 5 "RD_i";
    .port_info 5 /OUTPUT 32 "MD_o";
    .port_info 6 /OUTPUT 32 "ALUout_o";
    .port_info 7 /OUTPUT 5 "RD_o";
    .port_info 8 /INPUT 1 "RegWrite_i";
    .port_info 9 /INPUT 1 "MemtoReg_i";
    .port_info 10 /OUTPUT 1 "RegWrite_o";
    .port_info 11 /OUTPUT 1 "MemtoReg_o";
    .port_info 12 /NODIR 0 "";
v0000019c53946a20_0 .net "ALUout_i", 31 0, v0000019c53944330_0;  alias, 1 drivers
v0000019c539458a0_0 .var "ALUout_o", 31 0;
v0000019c53946980_0 .net "MD_i", 31 0, L_0000019c539acab0;  alias, 1 drivers
v0000019c539462a0_0 .var "MD_o", 31 0;
v0000019c53946b60_0 .net "MemtoReg_i", 0 0, v0000019c53943c50_0;  alias, 1 drivers
v0000019c53945080_0 .var "MemtoReg_o", 0 0;
v0000019c53945260_0 .net "RD_i", 4 0, v0000019c53944ab0_0;  alias, 1 drivers
v0000019c53945ee0_0 .var "RD_o", 4 0;
v0000019c53945f80_0 .net "RegWrite_i", 0 0, v0000019c53943ed0_0;  alias, 1 drivers
v0000019c53948140_0 .var "RegWrite_o", 0 0;
v0000019c53948500_0 .net "clk_i", 0 0, v0000019c53951c20_0;  alias, 1 drivers
v0000019c53948aa0_0 .net "rst_i", 0 0, v0000019c53952940_0;  alias, 1 drivers
S_0000019c53947540 .scope module, "MUX_A" "MUX32_2" 5 232, 21 1 0, S_0000019c538dd040;
 .timescale 0 0;
    .port_info 0 /INPUT 32 "in00";
    .port_info 1 /INPUT 32 "in01";
    .port_info 2 /INPUT 32 "in10";
    .port_info 3 /INPUT 32 "in11";
    .port_info 4 /INPUT 2 "swt";
    .port_info 5 /OUTPUT 32 "res";
v0000019c53948820_0 .net "in00", 31 0, v0000019c53943250_0;  alias, 1 drivers
v0000019c53948e60_0 .net "in01", 31 0, v0000019c5394e980_0;  alias, 1 drivers
v0000019c539485a0_0 .net "in10", 31 0, v0000019c53944330_0;  alias, 1 drivers
L_0000019c539532e8 .functor BUFT 1, C4<00000000000000000000000000000000>, C4<0>, C4<0>, C4<0>;
v0000019c53948dc0_0 .net "in11", 31 0, L_0000019c539532e8;  1 drivers
v0000019c53949f40_0 .var "res", 31 0;
v0000019c53949ea0_0 .net "swt", 1 0, v0000019c53943b10_0;  alias, 1 drivers
E_0000019c5356a8d0/0 .event anyedge, v0000019c53943b10_0, v0000019c53948dc0_0, v0000019c539419c0_0, v0000019c53948e60_0;
E_0000019c5356a8d0/1 .event anyedge, v0000019c53943250_0;
E_0000019c5356a8d0 .event/or E_0000019c5356a8d0/0, E_0000019c5356a8d0/1;
S_0000019c53947d10 .scope module, "MUX_ALUSrc" "MUX32" 5 250, 22 1 0, S_0000019c538dd040;
 .timescale 0 0;
    .port_info 0 /INPUT 32 "in0";
    .port_info 1 /INPUT 32 "in1";
    .port_info 2 /INPUT 1 "swt";
    .port_info 3 /OUTPUT 32 "res";
v0000019c539499a0_0 .net "in0", 31 0, v0000019c539488c0_0;  alias, 1 drivers
v0000019c53949540_0 .net "in1", 31 0, v0000019c539453a0_0;  alias, 1 drivers
v0000019c539486e0_0 .var "res", 31 0;
v0000019c53948280_0 .net "swt", 0 0, v0000019c53944830_0;  alias, 1 drivers
E_0000019c5356a9d0 .event anyedge, v0000019c53944830_0, v0000019c53942320_0, v0000019c53943430_0;
S_0000019c53947ea0 .scope module, "MUX_B" "MUX32_2" 5 241, 21 1 0, S_0000019c538dd040;
 .timescale 0 0;
    .port_info 0 /INPUT 32 "in00";
    .port_info 1 /INPUT 32 "in01";
    .port_info 2 /INPUT 32 "in10";
    .port_info 3 /INPUT 32 "in11";
    .port_info 4 /INPUT 2 "swt";
    .port_info 5 /OUTPUT 32 "res";
v0000019c539495e0_0 .net "in00", 31 0, v0000019c53944d30_0;  alias, 1 drivers
v0000019c53948320_0 .net "in01", 31 0, v0000019c5394e980_0;  alias, 1 drivers
v0000019c539480a0_0 .net "in10", 31 0, v0000019c53944330_0;  alias, 1 drivers
L_0000019c53953330 .functor BUFT 1, C4<00000000000000000000000000000000>, C4<0>, C4<0>, C4<0>;
v0000019c53949a40_0 .net "in11", 31 0, L_0000019c53953330;  1 drivers
v0000019c539488c0_0 .var "res", 31 0;
v0000019c53948f00_0 .net "swt", 1 0, v0000019c53944470_0;  alias, 1 drivers
E_0000019c53569e90/0 .event anyedge, v0000019c53944470_0, v0000019c53949a40_0, v0000019c539419c0_0, v0000019c53948e60_0;
E_0000019c53569e90/1 .event anyedge, v0000019c53944d30_0;
E_0000019c53569e90 .event/or E_0000019c53569e90/0, E_0000019c53569e90/1;
S_0000019c539479f0 .scope module, "PC" "PC" 5 67, 23 1 0, S_0000019c538dd040;
 .timescale 0 0;
    .port_info 0 /INPUT 1 "clk_i";
    .port_info 1 /INPUT 1 "rst_i";
    .port_info 2 /INPUT 1 "PCWrite_i";
    .port_info 3 /INPUT 32 "pc_i";
    .port_info 4 /OUTPUT 32 "pc_o";
v0000019c539481e0_0 .net "PCWrite_i", 0 0, v0000019c53944650_0;  alias, 1 drivers
v0000019c539494a0_0 .net "clk_i", 0 0, v0000019c53951c20_0;  alias, 1 drivers
v0000019c53948780_0 .net "pc_i", 31 0, v0000019c53942500_0;  alias, 1 drivers
v0000019c53948960_0 .var "pc_o", 31 0;
v0000019c539483c0_0 .net "rst_i", 0 0, v0000019c53952940_0;  alias, 1 drivers
S_0000019c539476d0 .scope module, "Registers" "Registers" 5 130, 24 1 0, S_0000019c538dd040;
 .timescale 0 0;
    .port_info 0 /INPUT 1 "rst_i";
    .port_info 1 /INPUT 1 "clk_i";
    .port_info 2 /INPUT 5 "RS1addr_i";
    .port_info 3 /INPUT 5 "RS2addr_i";
    .port_info 4 /INPUT 5 "RDaddr_i";
    .port_info 5 /INPUT 32 "RDdata_i";
    .port_info 6 /INPUT 1 "RegWrite_i";
    .port_info 7 /OUTPUT 32 "RS1data_o";
    .port_info 8 /OUTPUT 32 "RS2data_o";
L_0000019c53578e00 .functor AND 1, L_0000019c53952d00, L_0000019c53952da0, C4<1>, C4<1>;
L_0000019c53578e70 .functor AND 1, L_0000019c53578e00, v0000019c53948140_0, C4<1>, C4<1>;
L_0000019c53578f50 .functor AND 1, L_0000019c539510e0, L_0000019c53951220, C4<1>, C4<1>;
L_0000019c53578ee0 .functor AND 1, L_0000019c53578f50, v0000019c53948140_0, C4<1>, C4<1>;
v0000019c53948460_0 .net "RDaddr_i", 4 0, v0000019c53945ee0_0;  alias, 1 drivers
v0000019c53948640_0 .net "RDdata_i", 31 0, v0000019c5394e980_0;  alias, 1 drivers
v0000019c53948a00_0 .net "RS1addr_i", 4 0, L_0000019c53952a80;  alias, 1 drivers
v0000019c53949c20_0 .net "RS1data_o", 31 0, L_0000019c53952e40;  alias, 1 drivers
v0000019c53948fa0_0 .net "RS2addr_i", 4 0, L_0000019c53952c60;  alias, 1 drivers
v0000019c53949180_0 .net "RS2data_o", 31 0, L_0000019c53951720;  alias, 1 drivers
v0000019c53948b40_0 .net "RegWrite_i", 0 0, v0000019c53948140_0;  alias, 1 drivers
v0000019c539490e0_0 .net *"_ivl_0", 0 0, L_0000019c53952d00;  1 drivers
v0000019c539492c0_0 .net *"_ivl_10", 31 0, L_0000019c539517c0;  1 drivers
v0000019c53949040_0 .net *"_ivl_12", 6 0, L_0000019c53951540;  1 drivers
L_0000019c53953180 .functor BUFT 1, C4<00>, C4<0>, C4<0>, C4<0>;
v0000019c53948be0_0 .net *"_ivl_15", 1 0, L_0000019c53953180;  1 drivers
v0000019c53948c80_0 .net *"_ivl_18", 0 0, L_0000019c539510e0;  1 drivers
L_0000019c53953138 .functor BUFT 1, C4<00000>, C4<0>, C4<0>, C4<0>;
v0000019c53949e00_0 .net/2u *"_ivl_2", 4 0, L_0000019c53953138;  1 drivers
L_0000019c539531c8 .functor BUFT 1, C4<00000>, C4<0>, C4<0>, C4<0>;
v0000019c53948d20_0 .net/2u *"_ivl_20", 4 0, L_0000019c539531c8;  1 drivers
v0000019c53949220_0 .net *"_ivl_22", 0 0, L_0000019c53951220;  1 drivers
v0000019c53949360_0 .net *"_ivl_25", 0 0, L_0000019c53578f50;  1 drivers
v0000019c53949900_0 .net *"_ivl_27", 0 0, L_0000019c53578ee0;  1 drivers
v0000019c53949400_0 .net *"_ivl_28", 31 0, L_0000019c53951360;  1 drivers
v0000019c53949680_0 .net *"_ivl_30", 6 0, L_0000019c539515e0;  1 drivers
L_0000019c53953210 .functor BUFT 1, C4<00>, C4<0>, C4<0>, C4<0>;
v0000019c539497c0_0 .net *"_ivl_33", 1 0, L_0000019c53953210;  1 drivers
v0000019c53949d60_0 .net *"_ivl_4", 0 0, L_0000019c53952da0;  1 drivers
v0000019c53949860_0 .net *"_ivl_7", 0 0, L_0000019c53578e00;  1 drivers
v0000019c53949ae0_0 .net *"_ivl_9", 0 0, L_0000019c53578e70;  1 drivers
v0000019c53949b80_0 .net "clk_i", 0 0, v0000019c53951c20_0;  alias, 1 drivers
v0000019c53949cc0_0 .var/i "i", 31 0;
v0000019c5394f880 .array/s "register", 31 0, 31 0;
v0000019c5394e660_0 .net "rst_i", 0 0, v0000019c53952940_0;  alias, 1 drivers
L_0000019c53952d00 .cmp/eq 5, L_0000019c53952a80, v0000019c53945ee0_0;
L_0000019c53952da0 .cmp/ne 5, L_0000019c53952a80, L_0000019c53953138;
L_0000019c539517c0 .array/port v0000019c5394f880, L_0000019c53951540;
L_0000019c53951540 .concat [ 5 2 0 0], L_0000019c53952a80, L_0000019c53953180;
L_0000019c53952e40 .functor MUXZ 32, L_0000019c539517c0, v0000019c5394e980_0, L_0000019c53578e70, C4<>;
L_0000019c539510e0 .cmp/eq 5, L_0000019c53952c60, v0000019c53945ee0_0;
L_0000019c53951220 .cmp/ne 5, L_0000019c53952c60, L_0000019c539531c8;
L_0000019c53951360 .array/port v0000019c5394f880, L_0000019c539515e0;
L_0000019c539515e0 .concat [ 5 2 0 0], L_0000019c53952c60, L_0000019c53953210;
L_0000019c53951720 .functor MUXZ 32, L_0000019c53951360, v0000019c5394e980_0, L_0000019c53578ee0, C4<>;
S_0000019c53947090 .scope module, "Sign_Extend" "Sign_Extend" 5 151, 25 1 0, S_0000019c538dd040;
 .timescale 0 0;
    .port_info 0 /INPUT 12 "in";
    .port_info 1 /OUTPUT 32 "out";
v0000019c5394f9c0_0 .net *"_ivl_1", 0 0, L_0000019c53951900;  1 drivers
v0000019c5394f560_0 .net "ext", 19 0, L_0000019c539519a0;  1 drivers
v0000019c5394e700_0 .net "in", 11 0, v0000019c539465c0_0;  alias, 1 drivers
v0000019c5394e2a0_0 .net "out", 31 0, L_0000019c53951a40;  alias, 1 drivers
L_0000019c53951900 .part v0000019c539465c0_0, 11, 1;
LS_0000019c539519a0_0_0 .concat [ 1 1 1 1], L_0000019c53951900, L_0000019c53951900, L_0000019c53951900, L_0000019c53951900;
LS_0000019c539519a0_0_4 .concat [ 1 1 1 1], L_0000019c53951900, L_0000019c53951900, L_0000019c53951900, L_0000019c53951900;
LS_0000019c539519a0_0_8 .concat [ 1 1 1 1], L_0000019c53951900, L_0000019c53951900, L_0000019c53951900, L_0000019c53951900;
LS_0000019c539519a0_0_12 .concat [ 1 1 1 1], L_0000019c53951900, L_0000019c53951900, L_0000019c53951900, L_0000019c53951900;
LS_0000019c539519a0_0_16 .concat [ 1 1 1 1], L_0000019c53951900, L_0000019c53951900, L_0000019c53951900, L_0000019c53951900;
LS_0000019c539519a0_1_0 .concat [ 4 4 4 4], LS_0000019c539519a0_0_0, LS_0000019c539519a0_0_4, LS_0000019c539519a0_0_8, LS_0000019c539519a0_0_12;
LS_0000019c539519a0_1_4 .concat [ 4 0 0 0], LS_0000019c539519a0_0_16;
L_0000019c539519a0 .concat [ 16 4 0 0], LS_0000019c539519a0_1_0, LS_0000019c539519a0_1_4;
L_0000019c53951a40 .concat [ 12 20 0 0], v0000019c539465c0_0, L_0000019c539519a0;
S_0000019c539473b0 .scope module, "WB_MUX" "MUX32" 5 345, 22 1 0, S_0000019c538dd040;
 .timescale 0 0;
    .port_info 0 /INPUT 32 "in0";
    .port_info 1 /INPUT 32 "in1";
    .port_info 2 /INPUT 1 "swt";
    .port_info 3 /OUTPUT 32 "res";
v0000019c5394eca0_0 .net "in0", 31 0, v0000019c539458a0_0;  alias, 1 drivers
v0000019c5394f7e0_0 .net "in1", 31 0, v0000019c539462a0_0;  alias, 1 drivers
v0000019c5394e980_0 .var "res", 31 0;
v0000019c5394e3e0_0 .net "swt", 0 0, v0000019c53945080_0;  alias, 1 drivers
E_0000019c53569e10 .event anyedge, v0000019c53945080_0, v0000019c539462a0_0, v0000019c539458a0_0;
    .scope S_0000019c538dd980;
T_0 ;
    %wait E_0000019c5356da10;
    %load/vec4 v0000019c538c1b80_0;
    %flag_set/vec4 8;
    %jmp/0xz  T_0.0, 8;
    %load/vec4 v0000019c538c1cc0_0;
    %pad/u 1;
    %assign/vec4 v0000019c538c2620_0, 0;
    %jmp T_0.1;
T_0.0 ;
    %load/vec4 v0000019c538c29e0_0;
    %flag_set/vec4 9;
    %flag_get/vec4 9;
    %jmp/0 T_0.4, 9;
    %load/vec4 v0000019c538c1680_0;
    %and;
T_0.4;
    %flag_set/vec4 8;
    %jmp/0xz  T_0.2, 8;
    %load/vec4 v0000019c538c1e00_0;
    %pad/u 1;
    %assign/vec4 v0000019c538c2620_0, 0;
    %jmp T_0.3;
T_0.2 ;
    %load/vec4 v0000019c538c2760_0;
    %pad/u 1;
    %assign/vec4 v0000019c538c2620_0, 0;
T_0.3 ;
T_0.1 ;
    %jmp T_0;
    .thread T_0, $push;
    .scope S_0000019c539479f0;
T_1 ;
    %wait E_0000019c535708d0;
    %load/vec4 v0000019c539483c0_0;
    %inv;
    %flag_set/vec4 8;
    %jmp/0xz  T_1.0, 8;
    %pushi/vec4 0, 0, 32;
    %assign/vec4 v0000019c53948960_0, 0;
    %jmp T_1.1;
T_1.0 ;
    %load/vec4 v0000019c539481e0_0;
    %flag_set/vec4 8;
    %jmp/0xz  T_1.2, 8;
    %load/vec4 v0000019c53948780_0;
    %assign/vec4 v0000019c53948960_0, 0;
T_1.2 ;
T_1.1 ;
    %jmp T_1;
    .thread T_1;
    .scope S_0000019c534ef9f0;
T_2 ;
    %wait E_0000019c535708d0;
    %load/vec4 v0000019c539454e0_0;
    %inv;
    %flag_set/vec4 8;
    %jmp/0xz  T_2.0, 8;
    %pushi/vec4 0, 0, 32;
    %assign/vec4 v0000019c53946520_0, 0;
    %pushi/vec4 0, 0, 32;
    %assign/vec4 v0000019c539451c0_0, 0;
    %jmp T_2.1;
T_2.0 ;
    %load/vec4 v0000019c53946660_0;
    %flag_set/vec4 8;
    %jmp/0xz  T_2.2, 8;
    %jmp T_2.3;
T_2.2 ;
    %load/vec4 v0000019c53945e40_0;
    %flag_set/vec4 8;
    %jmp/0xz  T_2.4, 8;
    %pushi/vec4 0, 0, 32;
    %assign/vec4 v0000019c53946520_0, 0;
    %pushi/vec4 0, 0, 32;
    %assign/vec4 v0000019c539451c0_0, 0;
    %jmp T_2.5;
T_2.4 ;
    %load/vec4 v0000019c53946200_0;
    %assign/vec4 v0000019c53946520_0, 0;
    %load/vec4 v0000019c53946f20_0;
    %assign/vec4 v0000019c539451c0_0, 0;
T_2.5 ;
T_2.3 ;
T_2.1 ;
    %jmp T_2;
    .thread T_2;
    .scope S_0000019c539476d0;
T_3 ;
    %wait E_0000019c535708d0;
    %load/vec4 v0000019c5394e660_0;
    %inv;
    %flag_set/vec4 8;
    %jmp/0xz  T_3.0, 8;
    %pushi/vec4 0, 0, 32;
    %store/vec4 v0000019c53949cc0_0, 0, 32;
T_3.2 ;
    %load/vec4 v0000019c53949cc0_0;
    %cmpi/s 32, 0, 32;
    %jmp/0xz T_3.3, 5;
    %pushi/vec4 0, 0, 32;
    %ix/getv/s 3, v0000019c53949cc0_0;
    %ix/load 4, 0, 0; Constant delay
    %assign/vec4/a/d v0000019c5394f880, 0, 4;
    ; show_stmt_assign_vector: Get l-value for compressed += operand
    %load/vec4 v0000019c53949cc0_0;
    %pushi/vec4 1, 0, 32;
    %add;
    %store/vec4 v0000019c53949cc0_0, 0, 32;
    %jmp T_3.2;
T_3.3 ;
    %jmp T_3.1;
T_3.0 ;
    %load/vec4 v0000019c53948b40_0;
    %flag_set/vec4 9;
    %flag_get/vec4 9;
    %jmp/0 T_3.6, 9;
    %load/vec4 v0000019c53948460_0;
    %pushi/vec4 0, 0, 5;
    %cmp/ne;
    %flag_get/vec4 4;
    %and;
T_3.6;
    %flag_set/vec4 8;
    %jmp/0xz  T_3.4, 8;
    %load/vec4 v0000019c53948640_0;
    %load/vec4 v0000019c53948460_0;
    %pad/u 7;
    %ix/vec4 3;
    %ix/load 4, 0, 0; Constant delay
    %assign/vec4/a/d v0000019c5394f880, 0, 4;
T_3.4 ;
T_3.1 ;
    %jmp T_3;
    .thread T_3;
    .scope S_0000019c53947b80;
T_4 ;
    %wait E_0000019c53569f50;
    %load/vec4 v0000019c53945580_0;
    %parti/s 7, 0, 2;
    %dup/vec4;
    %pushi/vec4 19, 0, 7;
    %cmp/u;
    %jmp/1 T_4.0, 6;
    %dup/vec4;
    %pushi/vec4 3, 0, 7;
    %cmp/u;
    %jmp/1 T_4.1, 6;
    %dup/vec4;
    %pushi/vec4 35, 0, 7;
    %cmp/u;
    %jmp/1 T_4.2, 6;
    %dup/vec4;
    %pushi/vec4 99, 0, 7;
    %cmp/u;
    %jmp/1 T_4.3, 6;
    %jmp T_4.4;
T_4.0 ;
    %load/vec4 v0000019c53945580_0;
    %parti/s 12, 20, 6;
    %assign/vec4 v0000019c539465c0_0, 0;
    %jmp T_4.4;
T_4.1 ;
    %load/vec4 v0000019c53945580_0;
    %parti/s 12, 20, 6;
    %assign/vec4 v0000019c539465c0_0, 0;
    %jmp T_4.4;
T_4.2 ;
    %load/vec4 v0000019c53945580_0;
    %parti/s 7, 25, 6;
    %load/vec4 v0000019c53945580_0;
    %parti/s 5, 7, 4;
    %concat/vec4; draw_concat_vec4
    %assign/vec4 v0000019c539465c0_0, 0;
    %jmp T_4.4;
T_4.3 ;
    %load/vec4 v0000019c53945580_0;
    %parti/s 1, 31, 6;
    %load/vec4 v0000019c53945580_0;
    %parti/s 1, 7, 4;
    %concat/vec4; draw_concat_vec4
    %load/vec4 v0000019c53945580_0;
    %parti/s 6, 25, 6;
    %concat/vec4; draw_concat_vec4
    %load/vec4 v0000019c53945580_0;
    %parti/s 4, 8, 5;
    %concat/vec4; draw_concat_vec4
    %assign/vec4 v0000019c539465c0_0, 0;
    %jmp T_4.4;
T_4.4 ;
    %pop/vec4 1;
    %jmp T_4;
    .thread T_4, $push;
    .scope S_0000019c5350d930;
T_5 ;
    %wait E_0000019c53571a90;
    %load/vec4 v0000019c53942d20_0;
    %flag_set/vec4 8;
    %jmp/0xz  T_5.0, 8;
    %pushi/vec4 0, 0, 1;
    %assign/vec4 v0000019c539425a0_0, 0;
    %pushi/vec4 0, 0, 1;
    %assign/vec4 v0000019c53941ba0_0, 0;
    %pushi/vec4 0, 0, 1;
    %assign/vec4 v0000019c53941560_0, 0;
    %pushi/vec4 0, 0, 1;
    %assign/vec4 v0000019c539421e0_0, 0;
    %pushi/vec4 0, 0, 2;
    %assign/vec4 v0000019c53942c80_0, 0;
    %pushi/vec4 0, 0, 1;
    %assign/vec4 v0000019c53942000_0, 0;
    %pushi/vec4 0, 0, 1;
    %assign/vec4 v0000019c53941420_0, 0;
    %jmp T_5.1;
T_5.0 ;
    %load/vec4 v0000019c53942dc0_0;
    %dup/vec4;
    %pushi/vec4 51, 0, 7;
    %cmp/u;
    %jmp/1 T_5.2, 6;
    %dup/vec4;
    %pushi/vec4 19, 0, 7;
    %cmp/u;
    %jmp/1 T_5.3, 6;
    %dup/vec4;
    %pushi/vec4 3, 0, 7;
    %cmp/u;
    %jmp/1 T_5.4, 6;
    %dup/vec4;
    %pushi/vec4 35, 0, 7;
    %cmp/u;
    %jmp/1 T_5.5, 6;
    %dup/vec4;
    %pushi/vec4 99, 0, 7;
    %cmp/u;
    %jmp/1 T_5.6, 6;
    %pushi/vec4 0, 0, 2;
    %assign/vec4 v0000019c53942c80_0, 0;
    %pushi/vec4 0, 0, 1;
    %assign/vec4 v0000019c53942000_0, 0;
    %pushi/vec4 0, 0, 1;
    %assign/vec4 v0000019c539425a0_0, 0;
    %pushi/vec4 0, 0, 1;
    %assign/vec4 v0000019c539425a0_0, 0;
    %pushi/vec4 0, 0, 1;
    %assign/vec4 v0000019c53941ba0_0, 0;
    %pushi/vec4 0, 0, 1;
    %assign/vec4 v0000019c53941560_0, 0;
    %pushi/vec4 0, 0, 1;
    %assign/vec4 v0000019c539421e0_0, 0;
    %pushi/vec4 0, 0, 2;
    %assign/vec4 v0000019c53942c80_0, 0;
    %pushi/vec4 0, 0, 1;
    %assign/vec4 v0000019c53942000_0, 0;
    %pushi/vec4 0, 0, 1;
    %assign/vec4 v0000019c53941420_0, 0;
    %jmp T_5.8;
T_5.2 ;
    %pushi/vec4 1, 0, 1;
    %assign/vec4 v0000019c539425a0_0, 0;
    %pushi/vec4 0, 0, 1;
    %assign/vec4 v0000019c53941ba0_0, 0;
    %pushi/vec4 0, 0, 1;
    %assign/vec4 v0000019c53941560_0, 0;
    %pushi/vec4 0, 0, 1;
    %assign/vec4 v0000019c539421e0_0, 0;
    %pushi/vec4 3, 0, 2;
    %assign/vec4 v0000019c53942c80_0, 0;
    %pushi/vec4 0, 0, 1;
    %assign/vec4 v0000019c53942000_0, 0;
    %pushi/vec4 0, 0, 1;
    %assign/vec4 v0000019c53941420_0, 0;
    %jmp T_5.8;
T_5.3 ;
    %pushi/vec4 1, 0, 1;
    %assign/vec4 v0000019c539425a0_0, 0;
    %pushi/vec4 0, 0, 1;
    %assign/vec4 v0000019c53941ba0_0, 0;
    %pushi/vec4 0, 0, 1;
    %assign/vec4 v0000019c53941560_0, 0;
    %pushi/vec4 0, 0, 1;
    %assign/vec4 v0000019c539421e0_0, 0;
    %pushi/vec4 2, 0, 2;
    %assign/vec4 v0000019c53942c80_0, 0;
    %pushi/vec4 1, 0, 1;
    %assign/vec4 v0000019c53942000_0, 0;
    %pushi/vec4 0, 0, 1;
    %assign/vec4 v0000019c53941420_0, 0;
    %jmp T_5.8;
T_5.4 ;
    %pushi/vec4 1, 0, 1;
    %assign/vec4 v0000019c539425a0_0, 0;
    %pushi/vec4 1, 0, 1;
    %assign/vec4 v0000019c53941ba0_0, 0;
    %pushi/vec4 1, 0, 1;
    %assign/vec4 v0000019c53941560_0, 0;
    %pushi/vec4 0, 0, 1;
    %assign/vec4 v0000019c539421e0_0, 0;
    %pushi/vec4 1, 0, 2;
    %assign/vec4 v0000019c53942c80_0, 0;
    %pushi/vec4 1, 0, 1;
    %assign/vec4 v0000019c53942000_0, 0;
    %pushi/vec4 0, 0, 1;
    %assign/vec4 v0000019c53941420_0, 0;
    %jmp T_5.8;
T_5.5 ;
    %pushi/vec4 0, 0, 1;
    %assign/vec4 v0000019c539425a0_0, 0;
    %pushi/vec4 0, 0, 1;
    %assign/vec4 v0000019c53941ba0_0, 0;
    %pushi/vec4 0, 0, 1;
    %assign/vec4 v0000019c53941560_0, 0;
    %pushi/vec4 1, 0, 1;
    %assign/vec4 v0000019c539421e0_0, 0;
    %pushi/vec4 1, 0, 2;
    %assign/vec4 v0000019c53942c80_0, 0;
    %pushi/vec4 1, 0, 1;
    %assign/vec4 v0000019c53942000_0, 0;
    %pushi/vec4 0, 0, 1;
    %assign/vec4 v0000019c53941420_0, 0;
    %jmp T_5.8;
T_5.6 ;
    %pushi/vec4 0, 0, 1;
    %assign/vec4 v0000019c539425a0_0, 0;
    %pushi/vec4 0, 0, 1;
    %assign/vec4 v0000019c53941ba0_0, 0;
    %pushi/vec4 0, 0, 1;
    %assign/vec4 v0000019c53941560_0, 0;
    %pushi/vec4 0, 0, 1;
    %assign/vec4 v0000019c539421e0_0, 0;
    %pushi/vec4 0, 0, 2;
    %assign/vec4 v0000019c53942c80_0, 0;
    %pushi/vec4 0, 0, 1;
    %assign/vec4 v0000019c53942000_0, 0;
    %pushi/vec4 1, 0, 1;
    %assign/vec4 v0000019c53941420_0, 0;
    %jmp T_5.8;
T_5.8 ;
    %pop/vec4 1;
T_5.1 ;
    %jmp T_5;
    .thread T_5, $push;
    .scope S_0000019c535012c0;
T_6 ;
    %wait E_0000019c535708d0;
    %load/vec4 v0000019c53946de0_0;
    %inv;
    %flag_set/vec4 8;
    %jmp/1 T_6.2, 8;
    %load/vec4 v0000019c53944dd0_0;
    %flag_set/vec4 9;
    %flag_or 8, 9;
T_6.2;
    %jmp/0xz  T_6.0, 8;
    %pushi/vec4 0, 0, 32;
    %assign/vec4 v0000019c53943250_0, 0;
    %pushi/vec4 0, 0, 32;
    %assign/vec4 v0000019c53944d30_0, 0;
    %pushi/vec4 0, 0, 32;
    %assign/vec4 v0000019c539453a0_0, 0;
    %pushi/vec4 0, 0, 32;
    %assign/vec4 v0000019c53946020_0, 0;
    %pushi/vec4 0, 0, 5;
    %assign/vec4 v0000019c53946840_0, 0;
    %pushi/vec4 0, 0, 1;
    %assign/vec4 v0000019c539463e0_0, 0;
    %pushi/vec4 0, 0, 1;
    %assign/vec4 v0000019c53946ca0_0, 0;
    %pushi/vec4 0, 0, 1;
    %assign/vec4 v0000019c53945300_0, 0;
    %pushi/vec4 0, 0, 1;
    %assign/vec4 v0000019c53946700_0, 0;
    %pushi/vec4 0, 0, 2;
    %assign/vec4 v0000019c53944790_0, 0;
    %pushi/vec4 0, 0, 1;
    %assign/vec4 v0000019c53944830_0, 0;
    %pushi/vec4 0, 0, 5;
    %assign/vec4 v0000019c53945da0_0, 0;
    %pushi/vec4 0, 0, 5;
    %assign/vec4 v0000019c53946340_0, 0;
    %pushi/vec4 0, 0, 32;
    %assign/vec4 v0000019c53945c60_0, 0;
    %pushi/vec4 0, 0, 1;
    %assign/vec4 v0000019c53943750_0, 0;
    %pushi/vec4 0, 0, 1;
    %assign/vec4 v0000019c539467a0_0, 0;
    %jmp T_6.1;
T_6.0 ;
    %load/vec4 v0000019c53944c90_0;
    %assign/vec4 v0000019c53943250_0, 0;
    %load/vec4 v0000019c53944a10_0;
    %assign/vec4 v0000019c53944d30_0, 0;
    %load/vec4 v0000019c53945940_0;
    %assign/vec4 v0000019c539453a0_0, 0;
    %load/vec4 v0000019c539459e0_0;
    %assign/vec4 v0000019c53946020_0, 0;
    %load/vec4 v0000019c53946480_0;
    %assign/vec4 v0000019c53946840_0, 0;
    %load/vec4 v0000019c53945a80_0;
    %assign/vec4 v0000019c539463e0_0, 0;
    %load/vec4 v0000019c53945120_0;
    %assign/vec4 v0000019c53946ca0_0, 0;
    %load/vec4 v0000019c53946d40_0;
    %assign/vec4 v0000019c53945300_0, 0;
    %load/vec4 v0000019c53945b20_0;
    %assign/vec4 v0000019c53946700_0, 0;
    %load/vec4 v0000019c53943890_0;
    %assign/vec4 v0000019c53944790_0, 0;
    %load/vec4 v0000019c53943930_0;
    %assign/vec4 v0000019c53944830_0, 0;
    %load/vec4 v0000019c53945d00_0;
    %assign/vec4 v0000019c53945da0_0, 0;
    %load/vec4 v0000019c539468e0_0;
    %assign/vec4 v0000019c53946340_0, 0;
    %load/vec4 v0000019c539432f0_0;
    %assign/vec4 v0000019c53945c60_0, 0;
    %load/vec4 v0000019c53943610_0;
    %assign/vec4 v0000019c53943750_0, 0;
    %load/vec4 v0000019c53946e80_0;
    %assign/vec4 v0000019c539467a0_0, 0;
T_6.1 ;
    %jmp T_6;
    .thread T_6;
    .scope S_0000019c53947540;
T_7 ;
    %wait E_0000019c5356a8d0;
    %load/vec4 v0000019c53949ea0_0;
    %parti/s 1, 1, 2;
    %flag_set/vec4 8;
    %jmp/0xz  T_7.0, 8;
    %load/vec4 v0000019c53949ea0_0;
    %parti/s 1, 0, 2;
    %flag_set/vec4 8;
    %jmp/0xz  T_7.2, 8;
    %load/vec4 v0000019c53948dc0_0;
    %assign/vec4 v0000019c53949f40_0, 0;
    %jmp T_7.3;
T_7.2 ;
    %load/vec4 v0000019c539485a0_0;
    %assign/vec4 v0000019c53949f40_0, 0;
T_7.3 ;
    %jmp T_7.1;
T_7.0 ;
    %load/vec4 v0000019c53949ea0_0;
    %parti/s 1, 0, 2;
    %flag_set/vec4 8;
    %jmp/0xz  T_7.4, 8;
    %load/vec4 v0000019c53948e60_0;
    %assign/vec4 v0000019c53949f40_0, 0;
    %jmp T_7.5;
T_7.4 ;
    %load/vec4 v0000019c53948820_0;
    %assign/vec4 v0000019c53949f40_0, 0;
T_7.5 ;
T_7.1 ;
    %jmp T_7;
    .thread T_7, $push;
    .scope S_0000019c53947ea0;
T_8 ;
    %wait E_0000019c53569e90;
    %load/vec4 v0000019c53948f00_0;
    %parti/s 1, 1, 2;
    %flag_set/vec4 8;
    %jmp/0xz  T_8.0, 8;
    %load/vec4 v0000019c53948f00_0;
    %parti/s 1, 0, 2;
    %flag_set/vec4 8;
    %jmp/0xz  T_8.2, 8;
    %load/vec4 v0000019c53949a40_0;
    %assign/vec4 v0000019c539488c0_0, 0;
    %jmp T_8.3;
T_8.2 ;
    %load/vec4 v0000019c539480a0_0;
    %assign/vec4 v0000019c539488c0_0, 0;
T_8.3 ;
    %jmp T_8.1;
T_8.0 ;
    %load/vec4 v0000019c53948f00_0;
    %parti/s 1, 0, 2;
    %flag_set/vec4 8;
    %jmp/0xz  T_8.4, 8;
    %load/vec4 v0000019c53948320_0;
    %assign/vec4 v0000019c539488c0_0, 0;
    %jmp T_8.5;
T_8.4 ;
    %load/vec4 v0000019c539495e0_0;
    %assign/vec4 v0000019c539488c0_0, 0;
T_8.5 ;
T_8.1 ;
    %jmp T_8;
    .thread T_8, $push;
    .scope S_0000019c53947d10;
T_9 ;
    %wait E_0000019c5356a9d0;
    %load/vec4 v0000019c53948280_0;
    %flag_set/vec4 8;
    %jmp/0xz  T_9.0, 8;
    %load/vec4 v0000019c53949540_0;
    %assign/vec4 v0000019c539486e0_0, 0;
    %jmp T_9.1;
T_9.0 ;
    %load/vec4 v0000019c539499a0_0;
    %assign/vec4 v0000019c539486e0_0, 0;
T_9.1 ;
    %jmp T_9;
    .thread T_9, $push;
    .scope S_0000019c53511c90;
T_10 ;
    %wait E_0000019c5356e0d0;
    %load/vec4 v0000019c538c2800_0;
    %dup/vec4;
    %pushi/vec4 0, 0, 3;
    %cmp/u;
    %jmp/1 T_10.0, 6;
    %dup/vec4;
    %pushi/vec4 1, 0, 3;
    %cmp/u;
    %jmp/1 T_10.1, 6;
    %dup/vec4;
    %pushi/vec4 2, 0, 3;
    %cmp/u;
    %jmp/1 T_10.2, 6;
    %dup/vec4;
    %pushi/vec4 3, 0, 3;
    %cmp/u;
    %jmp/1 T_10.3, 6;
    %dup/vec4;
    %pushi/vec4 4, 0, 3;
    %cmp/u;
    %jmp/1 T_10.4, 6;
    %dup/vec4;
    %pushi/vec4 5, 0, 3;
    %cmp/u;
    %jmp/1 T_10.5, 6;
    %dup/vec4;
    %pushi/vec4 6, 0, 3;
    %cmp/u;
    %jmp/1 T_10.6, 6;
    %jmp T_10.7;
T_10.0 ;
    %load/vec4 v0000019c53577ab0_0;
    %load/vec4 v0000019c535780f0_0;
    %and;
    %assign/vec4 v0000019c53577330_0, 0;
    %jmp T_10.7;
T_10.1 ;
    %load/vec4 v0000019c53577ab0_0;
    %load/vec4 v0000019c535780f0_0;
    %xor;
    %assign/vec4 v0000019c53577330_0, 0;
    %jmp T_10.7;
T_10.2 ;
    %load/vec4 v0000019c53577ab0_0;
    %load/vec4 v0000019c535780f0_0;
    %ix/vec4 4;
    %shiftl 4;
    %assign/vec4 v0000019c53577330_0, 0;
    %jmp T_10.7;
T_10.3 ;
    %load/vec4 v0000019c53577ab0_0;
    %load/vec4 v0000019c535780f0_0;
    %add;
    %assign/vec4 v0000019c53577330_0, 0;
    %jmp T_10.7;
T_10.4 ;
    %load/vec4 v0000019c53577ab0_0;
    %load/vec4 v0000019c535780f0_0;
    %sub;
    %assign/vec4 v0000019c53577330_0, 0;
    %jmp T_10.7;
T_10.5 ;
    %load/vec4 v0000019c53577ab0_0;
    %load/vec4 v0000019c535780f0_0;
    %mul;
    %assign/vec4 v0000019c53577330_0, 0;
    %jmp T_10.7;
T_10.6 ;
    %load/vec4 v0000019c535780f0_0;
    %parti/s 5, 0, 2;
    %pad/u 32;
    %store/vec4 v0000019c539412e0_0, 0, 32;
    %load/vec4 v0000019c53577ab0_0;
    %ix/getv 4, v0000019c539412e0_0;
    %shiftr/s 4;
    %store/vec4 v0000019c53577330_0, 0, 32;
    %jmp T_10.7;
T_10.7 ;
    %pop/vec4 1;
    %jmp T_10;
    .thread T_10, $push;
    .scope S_0000019c53511e20;
T_11 ;
    %wait E_0000019c5356e250;
    %load/vec4 v0000019c53942780_0;
    %dup/vec4;
    %pushi/vec4 3, 0, 2;
    %cmp/u;
    %jmp/1 T_11.0, 6;
    %dup/vec4;
    %pushi/vec4 2, 0, 2;
    %cmp/u;
    %jmp/1 T_11.1, 6;
    %dup/vec4;
    %pushi/vec4 1, 0, 2;
    %cmp/u;
    %jmp/1 T_11.2, 6;
    %dup/vec4;
    %pushi/vec4 0, 0, 2;
    %cmp/u;
    %jmp/1 T_11.3, 6;
    %jmp T_11.4;
T_11.0 ;
    %load/vec4 v0000019c53941920_0;
    %dup/vec4;
    %pushi/vec4 7, 0, 3;
    %cmp/u;
    %jmp/1 T_11.5, 6;
    %dup/vec4;
    %pushi/vec4 4, 0, 3;
    %cmp/u;
    %jmp/1 T_11.6, 6;
    %dup/vec4;
    %pushi/vec4 1, 0, 3;
    %cmp/u;
    %jmp/1 T_11.7, 6;
    %dup/vec4;
    %pushi/vec4 0, 0, 3;
    %cmp/u;
    %jmp/1 T_11.8, 6;
    %jmp T_11.9;
T_11.5 ;
    %pushi/vec4 0, 0, 3;
    %assign/vec4 v0000019c53941380_0, 0;
    %jmp T_11.9;
T_11.6 ;
    %pushi/vec4 1, 0, 3;
    %assign/vec4 v0000019c53941380_0, 0;
    %jmp T_11.9;
T_11.7 ;
    %pushi/vec4 2, 0, 3;
    %assign/vec4 v0000019c53941380_0, 0;
    %jmp T_11.9;
T_11.8 ;
    %load/vec4 v0000019c53941ce0_0;
    %dup/vec4;
    %pushi/vec4 0, 0, 7;
    %cmp/u;
    %jmp/1 T_11.10, 6;
    %dup/vec4;
    %pushi/vec4 32, 0, 7;
    %cmp/u;
    %jmp/1 T_11.11, 6;
    %dup/vec4;
    %pushi/vec4 1, 0, 7;
    %cmp/u;
    %jmp/1 T_11.12, 6;
    %jmp T_11.13;
T_11.10 ;
    %pushi/vec4 3, 0, 3;
    %assign/vec4 v0000019c53941380_0, 0;
    %jmp T_11.13;
T_11.11 ;
    %pushi/vec4 4, 0, 3;
    %assign/vec4 v0000019c53941380_0, 0;
    %jmp T_11.13;
T_11.12 ;
    %pushi/vec4 5, 0, 3;
    %assign/vec4 v0000019c53941380_0, 0;
    %jmp T_11.13;
T_11.13 ;
    %pop/vec4 1;
    %jmp T_11.9;
T_11.9 ;
    %pop/vec4 1;
    %jmp T_11.4;
T_11.1 ;
    %load/vec4 v0000019c53941920_0;
    %dup/vec4;
    %pushi/vec4 0, 0, 3;
    %cmp/u;
    %jmp/1 T_11.14, 6;
    %dup/vec4;
    %pushi/vec4 5, 0, 3;
    %cmp/u;
    %jmp/1 T_11.15, 6;
    %jmp T_11.16;
T_11.14 ;
    %pushi/vec4 3, 0, 3;
    %assign/vec4 v0000019c53941380_0, 0;
    %jmp T_11.16;
T_11.15 ;
    %pushi/vec4 6, 0, 3;
    %assign/vec4 v0000019c53941380_0, 0;
    %jmp T_11.16;
T_11.16 ;
    %pop/vec4 1;
    %jmp T_11.4;
T_11.2 ;
    %pushi/vec4 3, 0, 3;
    %assign/vec4 v0000019c53941380_0, 0;
    %jmp T_11.4;
T_11.3 ;
    %pushi/vec4 4, 0, 3;
    %assign/vec4 v0000019c53941380_0, 0;
    %jmp T_11.4;
T_11.4 ;
    %pop/vec4 1;
    %jmp T_11;
    .thread T_11, $push;
    .scope S_0000019c53502250;
T_12 ;
    %wait E_0000019c535708d0;
    %load/vec4 v0000019c53943e30_0;
    %inv;
    %flag_set/vec4 8;
    %jmp/0xz  T_12.0, 8;
    %pushi/vec4 0, 0, 32;
    %assign/vec4 v0000019c53944330_0, 0;
    %pushi/vec4 0, 0, 32;
    %assign/vec4 v0000019c53944b50_0, 0;
    %pushi/vec4 0, 0, 5;
    %assign/vec4 v0000019c53944ab0_0, 0;
    %pushi/vec4 0, 0, 1;
    %assign/vec4 v0000019c53943ed0_0, 0;
    %pushi/vec4 0, 0, 1;
    %assign/vec4 v0000019c53943c50_0, 0;
    %pushi/vec4 0, 0, 1;
    %assign/vec4 v0000019c539440b0_0, 0;
    %pushi/vec4 0, 0, 1;
    %assign/vec4 v0000019c539445b0_0, 0;
    %jmp T_12.1;
T_12.0 ;
    %load/vec4 v0000019c539436b0_0;
    %assign/vec4 v0000019c53944330_0, 0;
    %load/vec4 v0000019c53943430_0;
    %assign/vec4 v0000019c53944b50_0, 0;
    %load/vec4 v0000019c539448d0_0;
    %assign/vec4 v0000019c53944ab0_0, 0;
    %load/vec4 v0000019c53943cf0_0;
    %assign/vec4 v0000019c53943ed0_0, 0;
    %load/vec4 v0000019c53943070_0;
    %assign/vec4 v0000019c53943c50_0, 0;
    %load/vec4 v0000019c539437f0_0;
    %assign/vec4 v0000019c539440b0_0, 0;
    %load/vec4 v0000019c539431b0_0;
    %assign/vec4 v0000019c539445b0_0, 0;
T_12.1 ;
    %jmp T_12;
    .thread T_12;
    .scope S_0000019c5350dac0;
T_13 ;
    %wait E_0000019c5356a5d0;
    %load/vec4 v0000019c53942640_0;
    %flag_set/vec4 8;
    %jmp/0xz  T_13.0, 8;
    %load/vec4 v0000019c53944010_0;
    %load/vec4 v0000019c539419c0_0;
    %ix/load 4, 2, 0;
    %flag_set/imm 4, 0;
    %shiftr 4;
    %ix/vec4 3;
    %ix/load 4, 0, 0; Constant delay
    %assign/vec4/a/d v0000019c539434d0, 0, 4;
T_13.0 ;
    %jmp T_13;
    .thread T_13;
    .scope S_0000019c53947860;
T_14 ;
    %wait E_0000019c535708d0;
    %load/vec4 v0000019c53948aa0_0;
    %inv;
    %flag_set/vec4 8;
    %jmp/0xz  T_14.0, 8;
    %pushi/vec4 0, 0, 32;
    %assign/vec4 v0000019c539458a0_0, 0;
    %pushi/vec4 0, 0, 32;
    %assign/vec4 v0000019c539462a0_0, 0;
    %pushi/vec4 0, 0, 5;
    %assign/vec4 v0000019c53945ee0_0, 0;
    %pushi/vec4 0, 0, 1;
    %assign/vec4 v0000019c53948140_0, 0;
    %pushi/vec4 0, 0, 1;
    %assign/vec4 v0000019c53945080_0, 0;
    %jmp T_14.1;
T_14.0 ;
    %load/vec4 v0000019c53946a20_0;
    %assign/vec4 v0000019c539458a0_0, 0;
    %load/vec4 v0000019c53946980_0;
    %assign/vec4 v0000019c539462a0_0, 0;
    %load/vec4 v0000019c53945260_0;
    %assign/vec4 v0000019c53945ee0_0, 0;
    %load/vec4 v0000019c53945f80_0;
    %assign/vec4 v0000019c53948140_0, 0;
    %load/vec4 v0000019c53946b60_0;
    %assign/vec4 v0000019c53945080_0, 0;
T_14.1 ;
    %jmp T_14;
    .thread T_14;
    .scope S_0000019c539473b0;
T_15 ;
    %wait E_0000019c53569e10;
    %load/vec4 v0000019c5394e3e0_0;
    %flag_set/vec4 8;
    %jmp/0xz  T_15.0, 8;
    %load/vec4 v0000019c5394f7e0_0;
    %assign/vec4 v0000019c5394e980_0, 0;
    %jmp T_15.1;
T_15.0 ;
    %load/vec4 v0000019c5394eca0_0;
    %assign/vec4 v0000019c5394e980_0, 0;
T_15.1 ;
    %jmp T_15;
    .thread T_15, $push;
    .scope S_0000019c535023e0;
T_16 ;
    %wait E_0000019c53571ad0;
    %load/vec4 v0000019c53943110_0;
    %flag_set/vec4 10;
    %flag_get/vec4 10;
    %jmp/0 T_16.3, 10;
    %load/vec4 v0000019c53944150_0;
    %pad/u 32;
    %pushi/vec4 0, 0, 32;
    %cmp/ne;
    %flag_get/vec4 4;
    %and;
T_16.3;
    %flag_set/vec4 9;
    %flag_get/vec4 9;
    %jmp/0 T_16.2, 9;
    %load/vec4 v0000019c53944150_0;
    %load/vec4 v0000019c539443d0_0;
    %cmp/e;
    %flag_get/vec4 4;
    %and;
T_16.2;
    %flag_set/vec4 8;
    %jmp/0xz  T_16.0, 8;
    %pushi/vec4 2, 0, 2;
    %assign/vec4 v0000019c53943b10_0, 0;
    %jmp T_16.1;
T_16.0 ;
    %load/vec4 v0000019c53944f10_0;
    %flag_set/vec4 10;
    %flag_get/vec4 10;
    %jmp/0 T_16.7, 10;
    %load/vec4 v0000019c53944510_0;
    %pad/u 32;
    %pushi/vec4 0, 0, 32;
    %cmp/ne;
    %flag_get/vec4 4;
    %and;
T_16.7;
    %flag_set/vec4 9;
    %flag_get/vec4 9;
    %jmp/0 T_16.6, 9;
    %load/vec4 v0000019c53944510_0;
    %load/vec4 v0000019c539443d0_0;
    %cmp/e;
    %flag_get/vec4 4;
    %and;
T_16.6;
    %flag_set/vec4 8;
    %jmp/0xz  T_16.4, 8;
    %pushi/vec4 1, 0, 2;
    %assign/vec4 v0000019c53943b10_0, 0;
    %jmp T_16.5;
T_16.4 ;
    %pushi/vec4 0, 0, 2;
    %assign/vec4 v0000019c53943b10_0, 0;
T_16.5 ;
T_16.1 ;
    %load/vec4 v0000019c53943110_0;
    %flag_set/vec4 10;
    %flag_get/vec4 10;
    %jmp/0 T_16.11, 10;
    %load/vec4 v0000019c53944150_0;
    %pad/u 32;
    %pushi/vec4 0, 0, 32;
    %cmp/ne;
    %flag_get/vec4 4;
    %and;
T_16.11;
    %flag_set/vec4 9;
    %flag_get/vec4 9;
    %jmp/0 T_16.10, 9;
    %load/vec4 v0000019c53944150_0;
    %load/vec4 v0000019c53944e70_0;
    %cmp/e;
    %flag_get/vec4 4;
    %and;
T_16.10;
    %flag_set/vec4 8;
    %jmp/0xz  T_16.8, 8;
    %pushi/vec4 2, 0, 2;
    %assign/vec4 v0000019c53944470_0, 0;
    %jmp T_16.9;
T_16.8 ;
    %load/vec4 v0000019c53944f10_0;
    %flag_set/vec4 10;
    %flag_get/vec4 10;
    %jmp/0 T_16.15, 10;
    %load/vec4 v0000019c53944510_0;
    %pad/u 32;
    %pushi/vec4 0, 0, 32;
    %cmp/ne;
    %flag_get/vec4 4;
    %and;
T_16.15;
    %flag_set/vec4 9;
    %flag_get/vec4 9;
    %jmp/0 T_16.14, 9;
    %load/vec4 v0000019c53944510_0;
    %load/vec4 v0000019c53944e70_0;
    %cmp/e;
    %flag_get/vec4 4;
    %and;
T_16.14;
    %flag_set/vec4 8;
    %jmp/0xz  T_16.12, 8;
    %pushi/vec4 1, 0, 2;
    %assign/vec4 v0000019c53944470_0, 0;
    %jmp T_16.13;
T_16.12 ;
    %pushi/vec4 0, 0, 2;
    %assign/vec4 v0000019c53944470_0, 0;
T_16.13 ;
T_16.9 ;
    %jmp T_16;
    .thread T_16, $push;
    .scope S_0000019c53501130;
T_17 ;
    %wait E_0000019c5356a790;
    %load/vec4 v0000019c53943570_0;
    %flag_set/vec4 9;
    %flag_get/vec4 9;
    %jmp/0 T_17.2, 9;
    %load/vec4 v0000019c539439d0_0;
    %load/vec4 v0000019c53944970_0;
    %cmp/e;
    %flag_get/vec4 4;
    %jmp/1 T_17.3, 4;
    %load/vec4 v0000019c53943d90_0;
    %load/vec4 v0000019c53944970_0;
    %cmp/e;
    %flag_get/vec4 4;
    %or;
T_17.3;
    %and;
T_17.2;
    %flag_set/vec4 8;
    %jmp/0xz  T_17.0, 8;
    %pushi/vec4 1, 0, 1;
    %assign/vec4 v0000019c539441f0_0, 0;
    %pushi/vec4 0, 0, 1;
    %assign/vec4 v0000019c53944650_0, 0;
    %pushi/vec4 1, 0, 1;
    %assign/vec4 v0000019c53943bb0_0, 0;
    %jmp T_17.1;
T_17.0 ;
    %pushi/vec4 0, 0, 1;
    %assign/vec4 v0000019c539441f0_0, 0;
    %pushi/vec4 1, 0, 1;
    %assign/vec4 v0000019c53944650_0, 0;
    %pushi/vec4 0, 0, 1;
    %assign/vec4 v0000019c53943bb0_0, 0;
T_17.1 ;
    %jmp T_17;
    .thread T_17, $push;
    .scope S_0000019c5350f000;
T_18 ;
    %wait E_0000019c535708d0;
    %load/vec4 v0000019c539423c0_0;
    %inv;
    %flag_set/vec4 8;
    %jmp/0xz  T_18.0, 8;
    %pushi/vec4 0, 0, 2;
    %assign/vec4 v0000019c53941f60_0, 0;
    %jmp T_18.1;
T_18.0 ;
    %load/vec4 v0000019c53942e60_0;
    %flag_set/vec4 8;
    %jmp/0xz  T_18.2, 8;
    %load/vec4 v0000019c53941f60_0;
    %dup/vec4;
    %pushi/vec4 0, 0, 2;
    %cmp/u;
    %jmp/1 T_18.4, 6;
    %dup/vec4;
    %pushi/vec4 1, 0, 2;
    %cmp/u;
    %jmp/1 T_18.5, 6;
    %dup/vec4;
    %pushi/vec4 2, 0, 2;
    %cmp/u;
    %jmp/1 T_18.6, 6;
    %dup/vec4;
    %pushi/vec4 3, 0, 2;
    %cmp/u;
    %jmp/1 T_18.7, 6;
    %jmp T_18.8;
T_18.4 ;
    %load/vec4 v0000019c53942280_0;
    %flag_set/vec4 8;
    %jmp/0xz  T_18.9, 8;
    %jmp T_18.10;
T_18.9 ;
    %pushi/vec4 1, 0, 2;
    %assign/vec4 v0000019c53941f60_0, 0;
T_18.10 ;
    %jmp T_18.8;
T_18.5 ;
    %load/vec4 v0000019c53942280_0;
    %flag_set/vec4 8;
    %jmp/0xz  T_18.11, 8;
    %pushi/vec4 0, 0, 2;
    %assign/vec4 v0000019c53941f60_0, 0;
    %jmp T_18.12;
T_18.11 ;
    %pushi/vec4 2, 0, 2;
    %assign/vec4 v0000019c53941f60_0, 0;
T_18.12 ;
    %jmp T_18.8;
T_18.6 ;
    %load/vec4 v0000019c53942280_0;
    %flag_set/vec4 8;
    %jmp/0xz  T_18.13, 8;
    %pushi/vec4 1, 0, 2;
    %assign/vec4 v0000019c53941f60_0, 0;
    %jmp T_18.14;
T_18.13 ;
    %pushi/vec4 3, 0, 2;
    %assign/vec4 v0000019c53941f60_0, 0;
T_18.14 ;
    %jmp T_18.8;
T_18.7 ;
    %load/vec4 v0000019c53942280_0;
    %flag_set/vec4 8;
    %jmp/0xz  T_18.15, 8;
    %pushi/vec4 2, 0, 2;
    %assign/vec4 v0000019c53941f60_0, 0;
T_18.15 ;
    %jmp T_18.8;
T_18.8 ;
    %pop/vec4 1;
T_18.2 ;
T_18.1 ;
    %jmp T_18;
    .thread T_18;
    .scope S_0000019c53511510;
T_19 ;
    %wait E_0000019c5356f290;
    %fork t_1, S_0000019c5350ee70;
    %jmp t_0;
    .scope S_0000019c5350ee70;
t_1 ;
    %load/vec4 v0000019c53941d80_0;
    %load/vec4 v0000019c53942960_0;
    %xor;
    %assign/vec4 v0000019c539428c0_0, 0;
    %load/vec4 v0000019c53941c40_0;
    %flag_set/vec4 9;
    %flag_get/vec4 9;
    %jmp/0 T_19.2, 9;
    %load/vec4 v0000019c539428c0_0;
    %and;
T_19.2;
    %flag_set/vec4 8;
    %jmp/0xz  T_19.0, 8;
    %pushi/vec4 1, 0, 1;
    %assign/vec4 v0000019c539414c0_0, 0;
    %pushi/vec4 1, 0, 1;
    %assign/vec4 v0000019c53942b40_0, 0;
    %load/vec4 v0000019c53941d80_0;
    %flag_set/vec4 8;
    %jmp/0xz  T_19.3, 8;
    %load/vec4 v0000019c53942a00_0;
    %addi 4, 0, 32;
    %assign/vec4 v0000019c53942500_0, 0;
    %jmp T_19.4;
T_19.3 ;
    %load/vec4 v0000019c53942a00_0;
    %load/vec4 v0000019c53942320_0;
    %ix/load 4, 1, 0;
    %flag_set/imm 4, 0;
    %shiftl 4;
    %add;
    %assign/vec4 v0000019c53942500_0, 0;
T_19.4 ;
    %jmp T_19.1;
T_19.0 ;
    %load/vec4 v0000019c53942aa0_0;
    %flag_set/vec4 8;
    %flag_get/vec4 8;
    %jmp/0 T_19.5, 8;
    %load/vec4 v0000019c53941ec0_0;
    %and;
T_19.5;
    %assign/vec4 v0000019c539414c0_0, 0;
    %pushi/vec4 0, 0, 1;
    %assign/vec4 v0000019c53942b40_0, 0;
    %load/vec4 v0000019c53942aa0_0;
    %flag_set/vec4 9;
    %flag_get/vec4 9;
    %jmp/0 T_19.8, 9;
    %load/vec4 v0000019c53941ec0_0;
    %and;
T_19.8;
    %flag_set/vec4 8;
    %jmp/0xz  T_19.6, 8;
    %load/vec4 v0000019c53941100_0;
    %load/vec4 v0000019c539420a0_0;
    %ix/load 4, 1, 0;
    %flag_set/imm 4, 0;
    %shiftl 4;
    %add;
    %assign/vec4 v0000019c53942500_0, 0;
    %jmp T_19.7;
T_19.6 ;
    %load/vec4 v0000019c53941b00_0;
    %assign/vec4 v0000019c53942500_0, 0;
T_19.7 ;
T_19.1 ;
    %end;
    .scope S_0000019c53511510;
t_0 %join;
    %jmp T_19;
    .thread T_19, $push;
    .scope S_0000019c538dceb0;
T_20 ;
    %delay 25, 0;
    %load/vec4 v0000019c53951c20_0;
    %inv;
    %store/vec4 v0000019c53951c20_0, 0, 1;
    %jmp T_20;
    .thread T_20;
    .scope S_0000019c538dceb0;
T_21 ;
    %vpi_call 4 20 "$dumpfile", "CPU.vcd" {0 0 0};
    %vpi_call 4 21 "$dumpvars" {0 0 0};
    %pushi/vec4 0, 0, 32;
    %store/vec4 v0000019c53952f80_0, 0, 32;
    %pushi/vec4 0, 0, 32;
    %store/vec4 v0000019c539524e0_0, 0, 32;
T_21.0 ;
    %load/vec4 v0000019c539524e0_0;
    %cmpi/s 256, 0, 32;
    %jmp/0xz T_21.1, 5;
    %pushi/vec4 0, 0, 32;
    %ix/getv/s 4, v0000019c539524e0_0;
    %store/vec4a v0000019c53945800, 4, 0;
    %load/vec4 v0000019c539524e0_0;
    %addi 1, 0, 32;
    %store/vec4 v0000019c539524e0_0, 0, 32;
    %jmp T_21.0;
T_21.1 ;
    %pushi/vec4 0, 0, 32;
    %store/vec4 v0000019c539524e0_0, 0, 32;
T_21.2 ;
    %load/vec4 v0000019c539524e0_0;
    %cmpi/s 32, 0, 32;
    %jmp/0xz T_21.3, 5;
    %pushi/vec4 0, 0, 32;
    %ix/getv/s 4, v0000019c539524e0_0;
    %store/vec4a v0000019c539434d0, 4, 0;
    %load/vec4 v0000019c539524e0_0;
    %addi 1, 0, 32;
    %store/vec4 v0000019c539524e0_0, 0, 32;
    %jmp T_21.2;
T_21.3 ;
    %vpi_call 4 38 "$readmemb", "instruction.txt", v0000019c53945800 {0 0 0};
    %vpi_func 4 42 "$fopen" 32, "output.txt" {0 0 0};
    %pushi/vec4 1, 0, 32;
    %or;
    %store/vec4 v0000019c53951f40_0, 0, 32;
    %pushi/vec4 0, 0, 1;
    %store/vec4 v0000019c53951c20_0, 0, 1;
    %pushi/vec4 1, 0, 1;
    %store/vec4 v0000019c53952940_0, 0, 1;
    %delay 6, 0;
    %pushi/vec4 0, 0, 1;
    %store/vec4 v0000019c53952940_0, 0, 1;
    %delay 6, 0;
    %pushi/vec4 1, 0, 1;
    %store/vec4 v0000019c53952940_0, 0, 1;
    %pushi/vec4 5, 0, 32;
    %ix/load 4, 0, 0;
    %flag_set/imm 4, 0;
    %store/vec4a v0000019c539434d0, 4, 0;
    %pushi/vec4 6, 0, 32;
    %ix/load 4, 1, 0;
    %flag_set/imm 4, 0;
    %store/vec4a v0000019c539434d0, 4, 0;
    %pushi/vec4 10, 0, 32;
    %ix/load 4, 2, 0;
    %flag_set/imm 4, 0;
    %store/vec4a v0000019c539434d0, 4, 0;
    %pushi/vec4 18, 0, 32;
    %ix/load 4, 3, 0;
    %flag_set/imm 4, 0;
    %store/vec4a v0000019c539434d0, 4, 0;
    %pushi/vec4 29, 0, 32;
    %ix/load 4, 4, 0;
    %flag_set/imm 4, 0;
    %store/vec4a v0000019c539434d0, 4, 0;
    %pushi/vec4 4294967272, 0, 32;
    %ix/load 4, 24, 0;
    %flag_set/imm 4, 0;
    %store/vec4a v0000019c5394f880, 4, 0;
    %pushi/vec4 4294967271, 0, 32;
    %ix/load 4, 25, 0;
    %flag_set/imm 4, 0;
    %store/vec4a v0000019c5394f880, 4, 0;
    %pushi/vec4 4294967270, 0, 32;
    %ix/load 4, 26, 0;
    %flag_set/imm 4, 0;
    %store/vec4a v0000019c5394f880, 4, 0;
    %pushi/vec4 4294967269, 0, 32;
    %ix/load 4, 27, 0;
    %flag_set/imm 4, 0;
    %store/vec4a v0000019c5394f880, 4, 0;
    %pushi/vec4 56, 0, 32;
    %ix/load 4, 28, 0;
    %flag_set/imm 4, 0;
    %store/vec4a v0000019c5394f880, 4, 0;
    %pushi/vec4 58, 0, 32;
    %ix/load 4, 29, 0;
    %flag_set/imm 4, 0;
    %store/vec4a v0000019c5394f880, 4, 0;
    %pushi/vec4 60, 0, 32;
    %ix/load 4, 30, 0;
    %flag_set/imm 4, 0;
    %store/vec4a v0000019c5394f880, 4, 0;
    %pushi/vec4 62, 0, 32;
    %ix/load 4, 31, 0;
    %flag_set/imm 4, 0;
    %store/vec4a v0000019c5394f880, 4, 0;
    %end;
    .thread T_21;
    .scope S_0000019c538dceb0;
T_22 ;
    %wait E_0000019c5356a5d0;
    %load/vec4 v0000019c53952f80_0;
    %cmpi/e 64, 0, 32;
    %jmp/0xz  T_22.0, 4;
    %vpi_call 4 73 "$finish" {0 0 0};
T_22.0 ;
    %vpi_call 4 77 "$fdisplay", v0000019c53951f40_0, "cycle = %6d, PC = %6d, ", v0000019c53952f80_0, v0000019c53948960_0 {0 0 0};
    %vpi_call 4 78 "$fdisplay", v0000019c53951f40_0, "Predict = %6d, IFID_Flush = %6d", v0000019c53942be0_0, v0000019c53945e40_0 {0 0 0};
    %load/vec4 v0000019c53943750_0;
    %cmpi/e 1, 0, 1;
    %jmp/0xz  T_22.2, 4;
    %vpi_call 4 80 "$fdisplay", v0000019c53951f40_0, "ALU_out = %6d", v0000019c53577330_0 {0 0 0};
T_22.2 ;
    %vpi_call 4 84 "$fdisplay", v0000019c53951f40_0, "Registers" {0 0 0};
    %vpi_call 4 85 "$fdisplay", v0000019c53951f40_0, "x0 = %6d, x8  = %6d, x16 = %6d, x24 = %6d", &A<v0000019c5394f880, 0>, &A<v0000019c5394f880, 8>, &A<v0000019c5394f880, 16>, &A<v0000019c5394f880, 24> {0 0 0};
    %vpi_call 4 86 "$fdisplay", v0000019c53951f40_0, "x1 = %6d, x9  = %6d, x17 = %6d, x25 = %6d", &A<v0000019c5394f880, 1>, &A<v0000019c5394f880, 9>, &A<v0000019c5394f880, 17>, &A<v0000019c5394f880, 25> {0 0 0};
    %vpi_call 4 87 "$fdisplay", v0000019c53951f40_0, "x2 = %6d, x10 = %6d, x18 = %6d, x26 = %6d", &A<v0000019c5394f880, 2>, &A<v0000019c5394f880, 10>, &A<v0000019c5394f880, 18>, &A<v0000019c5394f880, 26> {0 0 0};
    %vpi_call 4 88 "$fdisplay", v0000019c53951f40_0, "x3 = %6d, x11 = %6d, x19 = %6d, x27 = %6d", &A<v0000019c5394f880, 3>, &A<v0000019c5394f880, 11>, &A<v0000019c5394f880, 19>, &A<v0000019c5394f880, 27> {0 0 0};
    %vpi_call 4 89 "$fdisplay", v0000019c53951f40_0, "x4 = %6d, x12 = %6d, x20 = %6d, x28 = %6d", &A<v0000019c5394f880, 4>, &A<v0000019c5394f880, 12>, &A<v0000019c5394f880, 20>, &A<v0000019c5394f880, 28> {0 0 0};
    %vpi_call 4 90 "$fdisplay", v0000019c53951f40_0, "x5 = %6d, x13 = %6d, x21 = %6d, x29 = %6d", &A<v0000019c5394f880, 5>, &A<v0000019c5394f880, 13>, &A<v0000019c5394f880, 21>, &A<v0000019c5394f880, 29> {0 0 0};
    %vpi_call 4 91 "$fdisplay", v0000019c53951f40_0, "x6 = %6d, x14 = %6d, x22 = %6d, x30 = %6d", &A<v0000019c5394f880, 6>, &A<v0000019c5394f880, 14>, &A<v0000019c5394f880, 22>, &A<v0000019c5394f880, 30> {0 0 0};
    %vpi_call 4 92 "$fdisplay", v0000019c53951f40_0, "x7 = %6d, x15 = %6d, x23 = %6d, x31 = %6d", &A<v0000019c5394f880, 7>, &A<v0000019c5394f880, 15>, &A<v0000019c5394f880, 23>, &A<v0000019c5394f880, 31> {0 0 0};
    %vpi_call 4 96 "$fdisplay", v0000019c53951f40_0, "Data Memory: 0x00 = %6d", &A<v0000019c539434d0, 0> {0 0 0};
    %vpi_call 4 97 "$fdisplay", v0000019c53951f40_0, "Data Memory: 0x04 = %6d", &A<v0000019c539434d0, 1> {0 0 0};
    %vpi_call 4 98 "$fdisplay", v0000019c53951f40_0, "Data Memory: 0x08 = %6d", &A<v0000019c539434d0, 2> {0 0 0};
    %vpi_call 4 99 "$fdisplay", v0000019c53951f40_0, "Data Memory: 0x0C = %6d", &A<v0000019c539434d0, 3> {0 0 0};
    %vpi_call 4 100 "$fdisplay", v0000019c53951f40_0, "Data Memory: 0x10 = %6d", &A<v0000019c539434d0, 4> {0 0 0};
    %vpi_call 4 101 "$fdisplay", v0000019c53951f40_0, "Data Memory: 0x14 = %6d", &A<v0000019c539434d0, 5> {0 0 0};
    %vpi_call 4 102 "$fdisplay", v0000019c53951f40_0, "Data Memory: 0x18 = %6d", &A<v0000019c539434d0, 6> {0 0 0};
    %vpi_call 4 103 "$fdisplay", v0000019c53951f40_0, "Data Memory: 0x1C = %6d", &A<v0000019c539434d0, 7> {0 0 0};
    %vpi_call 4 105 "$fdisplay", v0000019c53951f40_0, "\012" {0 0 0};
    %load/vec4 v0000019c53952f80_0;
    %addi 1, 0, 32;
    %store/vec4 v0000019c53952f80_0, 0, 32;
    %jmp T_22;
    .thread T_22;
# The file index is used to find the file name in the following table.
:file_names 26;
    "N/A";
    "<interactive>";
    "IF_ID.v";
    "Next_PC.v";
    "testbench.v";
    "CPU.v";
    "ALU.v";
    "ALU_Control.v";
    "Adder.v";
    "Branch_Handler.v";
    "Branch_Predictor.v";
    "Control.v";
    "Data_Memory.v";
    "Pipe_EX_MEM.v";
    "Forwarding_Unit.v";
    "Hazard_Detection_Unit.v";
    "Pipe_ID_EX.v";
    "Pipe_IF_ID.v";
    "Imme_Gen.v";
    "Instruction_Memory.v";
    "Pipe_MEM_WB.v";
    "MUX32_2.v";
    "MUX32.v";
    "PC.v";
    "Registers.v";
    "Sign_Extend.v";
